INFO 2025-10-01 20:36:03,061 autoreload 14744 24356 Watching for file changes with StatReloader
INFO 2025-10-01 20:36:27,857 basehttp 14744 14940 "GET /prescription/ HTTP/1.1" 200 39700
INFO 2025-10-01 20:36:28,107 basehttp 14744 14940 "GET /static/analytics/js/main.js HTTP/1.1" 304 0
INFO 2025-10-01 20:36:28,129 basehttp 14744 13460 "GET /static/prescription/css/prescription.css HTTP/1.1" 200 5546
INFO 2025-10-01 20:36:28,173 basehttp 14744 9240 "GET /static/prescription/js/prescription.js HTTP/1.1" 200 6752
INFO 2025-10-01 20:36:40,551 basehttp 14744 9240 "GET /api/health/ HTTP/1.1" 200 89
INFO 2025-10-01 20:36:58,624 basehttp 14744 9240 "GET /api/health/ HTTP/1.1" 200 89
ERROR 2025-10-01 20:37:01,317 log 14744 14940 Internal Server Error: /prescription/patients/
ERROR 2025-10-01 20:37:01,319 basehttp 14744 14940 "GET /prescription/patients/ HTTP/1.1" 500 102
WARNING 2025-10-01 20:37:01,473 log 14744 8248 Not Found: /favicon.ico
WARNING 2025-10-01 20:37:01,474 basehttp 14744 8248 "GET /favicon.ico HTTP/1.1" 404 9688
INFO 2025-10-01 20:37:10,710 basehttp 14744 9240 "GET /api/health/ HTTP/1.1" 200 89
INFO 2025-10-01 20:37:32,032 basehttp 14744 9240 "GET /api/health/ HTTP/1.1" 200 89
INFO 2025-10-01 20:37:41,177 basehttp 14744 9240 "GET /api/health/ HTTP/1.1" 200 89
INFO 2025-10-01 20:38:02,034 basehttp 14744 9240 "GET /api/health/ HTTP/1.1" 200 89
INFO 2025-10-01 20:38:12,155 basehttp 14744 9240 "GET /api/health/ HTTP/1.1" 200 89
INFO 2025-10-01 20:38:32,082 basehttp 14744 9240 "GET /api/health/ HTTP/1.1" 200 89
INFO 2025-10-01 20:38:42,973 basehttp 14744 9240 "GET /api/health/ HTTP/1.1" 200 89
INFO 2025-10-01 20:38:44,056 autoreload 14744 24356 F:\analytical\analytical\prescription\views.py changed, reloading.
INFO 2025-10-01 20:38:47,883 autoreload 18992 24296 Watching for file changes with StatReloader
INFO 2025-10-01 20:39:06,412 basehttp 18992 19176 "GET /api/health/ HTTP/1.1" 200 89
INFO 2025-10-01 20:39:13,758 basehttp 18992 19176 "GET /api/health/ HTTP/1.1" 200 89
INFO 2025-10-01 20:39:32,241 basehttp 18992 19176 "GET /api/health/ HTTP/1.1" 200 89
INFO 2025-10-01 20:39:37,369 autoreload 18992 24296 F:\analytical\analytical\prescription\urls.py changed, reloading.
INFO 2025-10-01 20:39:43,103 autoreload 9444 12608 Watching for file changes with StatReloader
INFO 2025-10-01 20:40:14,953 basehttp 9444 19540 "GET /api/health/ HTTP/1.1" 200 89
INFO 2025-10-01 20:40:32,534 basehttp 9444 19540 "GET /api/health/ HTTP/1.1" 200 89
INFO 2025-10-01 20:40:45,250 basehttp 9444 19540 "GET /api/health/ HTTP/1.1" 200 89
INFO 2025-10-01 20:40:50,775 basehttp 9444 19540 "GET /prescription/ HTTP/1.1" 200 39695
INFO 2025-10-01 20:40:51,011 basehttp 9444 3104 "GET /static/prescription/js/prescription.js HTTP/1.1" 304 0
INFO 2025-10-01 20:40:51,014 basehttp 9444 19540 "GET /static/prescription/css/prescription.css HTTP/1.1" 304 0
INFO 2025-10-01 20:41:14,496 autoreload 9444 12608 F:\analytical\analytical\prescription\urls.py changed, reloading.
INFO 2025-10-01 20:41:16,821 autoreload 22732 13068 Watching for file changes with StatReloader
INFO 2025-10-01 20:41:33,986 basehttp 22732 18548 "GET /prescription/ HTTP/1.1" 200 39695
INFO 2025-10-01 20:41:40,640 basehttp 22732 18548 "GET /prescription/ HTTP/1.1" 200 39695
INFO 2025-10-01 20:41:45,591 basehttp 22732 18548 "GET /api/health/ HTTP/1.1" 200 89
INFO 2025-10-01 20:42:10,932 basehttp 22732 18548 "GET /api/health/ HTTP/1.1" 200 89
INFO 2025-10-01 20:42:16,295 basehttp 22732 18548 "GET /api/health/ HTTP/1.1" 200 89
INFO 2025-10-01 20:42:20,701 basehttp 22732 6564 "GET /prescription/patients/add/ HTTP/1.1" 302 0
INFO 2025-10-01 20:42:20,743 basehttp 22732 6564 "GET /accounts/login/?next=/prescription/patients/add/ HTTP/1.1" 200 30690
INFO 2025-10-01 20:42:20,875 basehttp 22732 6564 "GET /static/analytics/js/htmx-config.js HTTP/1.1" 200 6223
INFO 2025-10-01 20:42:20,879 basehttp 22732 24084 "GET /static/analytics/js/main.js HTTP/1.1" 200 18510
WARNING 2025-10-01 20:42:21,351 log 22732 24084 Not Found: /favicon.ico
WARNING 2025-10-01 20:42:21,352 basehttp 22732 24084 "GET /favicon.ico HTTP/1.1" 404 9688
INFO 2025-10-01 20:42:41,567 basehttp 22732 6564 "GET /accounts/login/?next=/prescription/patients/add/ HTTP/1.1" 200 30690
INFO 2025-10-01 20:42:41,661 basehttp 22732 18548 "GET /api/health/ HTTP/1.1" 200 89
WARNING 2025-10-01 20:42:41,758 log 22732 24084 Not Found: /favicon.ico
INFO 2025-10-01 20:42:41,759 basehttp 22732 24084 - Broken pipe from ('127.0.0.1', 58963)
INFO 2025-10-01 20:42:44,837 basehttp 22732 6564 "POST /accounts/login/?next=/prescription/patients/add/ HTTP/1.1" 200 30994
INFO 2025-10-01 20:42:46,549 basehttp 22732 18548 "GET /api/health/ HTTP/1.1" 200 89
INFO 2025-10-01 20:42:57,432 basehttp 22732 6564 "POST /accounts/login/?next=/prescription/patients/add/ HTTP/1.1" 302 0
INFO 2025-10-01 20:42:57,504 basehttp 22732 6564 "GET /prescription/patients/add/ HTTP/1.1" 200 37660
INFO 2025-10-01 20:42:57,582 basehttp 22732 6564 "GET /static/prescription/css/prescription.css HTTP/1.1" 200 5546
INFO 2025-10-01 20:42:57,586 basehttp 22732 2588 "GET /static/prescription/js/prescription.js HTTP/1.1" 200 6752
INFO 2025-10-01 20:43:12,175 basehttp 22732 18548 "GET /api/health/ HTTP/1.1" 200 89
INFO 2025-10-01 20:43:17,295 basehttp 22732 18548 "GET /api/health/ HTTP/1.1" 200 89
INFO 2025-10-01 20:43:27,770 basehttp 22732 2588 "GET /api/health/ HTTP/1.1" 200 89
INFO 2025-10-01 20:43:42,829 basehttp 22732 18548 "GET /api/health/ HTTP/1.1" 200 89
INFO 2025-10-01 20:43:48,366 basehttp 22732 18548 "GET /api/health/ HTTP/1.1" 200 89
INFO 2025-10-01 20:43:57,701 basehttp 22732 2588 "GET /api/health/ HTTP/1.1" 200 89
INFO 2025-10-01 20:44:13,143 basehttp 22732 18548 "GET /api/health/ HTTP/1.1" 200 89
INFO 2025-10-01 20:44:18,649 basehttp 22732 18548 "GET /api/health/ HTTP/1.1" 200 89
INFO 2025-10-01 20:44:27,703 basehttp 22732 2588 "GET /api/health/ HTTP/1.1" 200 89
INFO 2025-10-01 20:44:43,688 basehttp 22732 18548 "GET /api/health/ HTTP/1.1" 200 89
INFO 2025-10-01 20:44:49,327 basehttp 22732 18548 "GET /api/health/ HTTP/1.1" 200 89
INFO 2025-10-01 20:44:57,716 basehttp 22732 2588 "GET /api/health/ HTTP/1.1" 200 89
INFO 2025-10-01 20:45:14,336 basehttp 22732 18548 "GET /api/health/ HTTP/1.1" 200 89
INFO 2025-10-01 20:45:20,181 basehttp 22732 18548 "GET /api/health/ HTTP/1.1" 200 89
INFO 2025-10-01 20:45:27,726 basehttp 22732 2588 "GET /api/health/ HTTP/1.1" 200 89
INFO 2025-10-01 20:45:44,950 basehttp 22732 18548 "GET /api/health/ HTTP/1.1" 200 89
INFO 2025-10-01 20:45:50,980 basehttp 22732 18548 "GET /api/health/ HTTP/1.1" 200 89
INFO 2025-10-01 20:45:57,736 basehttp 22732 2588 "GET /api/health/ HTTP/1.1" 200 89
INFO 2025-10-01 20:46:15,777 basehttp 22732 18548 "GET /api/health/ HTTP/1.1" 200 89
INFO 2025-10-01 20:46:21,687 basehttp 22732 18548 "GET /api/health/ HTTP/1.1" 200 89
INFO 2025-10-01 20:46:27,748 basehttp 22732 2588 "GET /api/health/ HTTP/1.1" 200 89
INFO 2025-10-01 20:46:46,018 basehttp 22732 18548 "GET /api/health/ HTTP/1.1" 200 89
INFO 2025-10-01 20:46:52,598 basehttp 22732 18548 "GET /api/health/ HTTP/1.1" 200 89
INFO 2025-10-01 20:46:57,762 basehttp 22732 2588 "GET /api/health/ HTTP/1.1" 200 89
INFO 2025-10-01 20:47:16,684 basehttp 22732 18548 "GET /api/health/ HTTP/1.1" 200 89
INFO 2025-10-01 20:47:22,628 basehttp 22732 18548 "GET /api/health/ HTTP/1.1" 200 89
INFO 2025-10-01 20:47:27,771 basehttp 22732 2588 "GET /api/health/ HTTP/1.1" 200 89
INFO 2025-10-01 20:47:47,475 basehttp 22732 18548 "GET /api/health/ HTTP/1.1" 200 89
INFO 2025-10-01 20:47:53,300 basehttp 22732 18548 "GET /api/health/ HTTP/1.1" 200 89
INFO 2025-10-01 20:47:57,781 basehttp 22732 2588 "GET /api/health/ HTTP/1.1" 200 89
INFO 2025-10-01 20:48:18,345 basehttp 22732 18548 "GET /api/health/ HTTP/1.1" 200 89
INFO 2025-10-01 20:48:23,374 basehttp 22732 18548 "GET /api/health/ HTTP/1.1" 200 89
INFO 2025-10-01 20:48:27,796 basehttp 22732 2588 "GET /api/health/ HTTP/1.1" 200 89
INFO 2025-10-01 20:48:49,341 basehttp 22732 18548 "GET /api/health/ HTTP/1.1" 200 89
INFO 2025-10-01 20:48:53,549 basehttp 22732 18548 "GET /api/health/ HTTP/1.1" 200 89
INFO 2025-10-01 20:48:57,802 basehttp 22732 2588 "GET /api/health/ HTTP/1.1" 200 89
INFO 2025-10-01 20:49:20,298 basehttp 22732 18548 "GET /api/health/ HTTP/1.1" 200 89
INFO 2025-10-01 20:49:24,537 basehttp 22732 18548 "GET /api/health/ HTTP/1.1" 200 89
INFO 2025-10-01 20:49:27,814 basehttp 22732 2588 "GET /api/health/ HTTP/1.1" 200 89
INFO 2025-10-01 20:49:50,980 basehttp 22732 18548 "GET /api/health/ HTTP/1.1" 200 89
INFO 2025-10-01 20:49:55,103 basehttp 22732 18548 "GET /api/health/ HTTP/1.1" 200 89
INFO 2025-10-01 20:49:57,824 basehttp 22732 2588 "GET /api/health/ HTTP/1.1" 200 89
INFO 2025-10-01 20:50:21,594 basehttp 22732 18548 "GET /api/health/ HTTP/1.1" 200 89
INFO 2025-10-01 20:50:25,633 basehttp 22732 18548 "GET /api/health/ HTTP/1.1" 200 89
INFO 2025-10-01 20:50:27,837 basehttp 22732 2588 "GET /api/health/ HTTP/1.1" 200 89
INFO 2025-10-01 20:50:52,313 basehttp 22732 18548 "GET /api/health/ HTTP/1.1" 200 89
INFO 2025-10-01 20:50:56,306 basehttp 22732 18548 "GET /api/health/ HTTP/1.1" 200 89
INFO 2025-10-01 20:50:57,839 basehttp 22732 2588 "GET /api/health/ HTTP/1.1" 200 89
INFO 2025-10-01 20:51:23,200 basehttp 22732 18548 "GET /api/health/ HTTP/1.1" 200 89
INFO 2025-10-01 20:51:26,358 basehttp 22732 18548 "GET /api/health/ HTTP/1.1" 200 89
INFO 2025-10-01 20:51:27,863 basehttp 22732 2588 "GET /api/health/ HTTP/1.1" 200 89
INFO 2025-10-01 20:51:53,758 basehttp 22732 18548 "GET /api/health/ HTTP/1.1" 200 89
INFO 2025-10-01 20:51:57,175 basehttp 22732 18548 "GET /api/health/ HTTP/1.1" 200 89
INFO 2025-10-01 20:51:57,871 basehttp 22732 2588 "GET /api/health/ HTTP/1.1" 200 89
INFO 2025-10-01 20:52:24,701 basehttp 22732 18548 "GET /api/health/ HTTP/1.1" 200 89
INFO 2025-10-01 20:52:27,600 basehttp 22732 18548 "GET /api/health/ HTTP/1.1" 200 89
INFO 2025-10-01 20:52:27,870 basehttp 22732 2588 "GET /api/health/ HTTP/1.1" 200 89
INFO 2025-10-01 20:52:54,982 basehttp 22732 18548 "GET /api/health/ HTTP/1.1" 200 89
INFO 2025-10-01 20:52:57,887 basehttp 22732 2588 "GET /api/health/ HTTP/1.1" 200 89
INFO 2025-10-01 20:52:58,359 basehttp 22732 18548 "GET /api/health/ HTTP/1.1" 200 89
INFO 2025-10-01 20:53:25,562 basehttp 22732 18548 "GET /api/health/ HTTP/1.1" 200 89
INFO 2025-10-01 20:53:27,965 basehttp 22732 2588 "GET /api/health/ HTTP/1.1" 200 89
INFO 2025-10-01 20:53:28,583 basehttp 22732 18548 "GET /api/health/ HTTP/1.1" 200 89
INFO 2025-10-01 20:53:55,930 basehttp 22732 18548 "GET /api/health/ HTTP/1.1" 200 89
INFO 2025-10-01 20:53:57,898 basehttp 22732 2588 "GET /api/health/ HTTP/1.1" 200 89
INFO 2025-10-01 20:53:59,176 basehttp 22732 18548 "GET /api/health/ HTTP/1.1" 200 89
INFO 2025-10-01 20:54:26,505 basehttp 22732 18548 "GET /api/health/ HTTP/1.1" 200 89
INFO 2025-10-01 20:54:27,913 basehttp 22732 2588 "GET /api/health/ HTTP/1.1" 200 89
INFO 2025-10-01 20:54:29,786 basehttp 22732 18548 "GET /api/health/ HTTP/1.1" 200 89
INFO 2025-10-01 20:54:57,133 basehttp 22732 18548 "GET /api/health/ HTTP/1.1" 200 89
INFO 2025-10-01 20:54:57,915 basehttp 22732 2588 "GET /api/health/ HTTP/1.1" 200 89
INFO 2025-10-01 20:55:00,344 basehttp 22732 18548 "GET /api/health/ HTTP/1.1" 200 89
INFO 2025-10-01 20:55:27,648 basehttp 22732 18548 "GET /api/health/ HTTP/1.1" 200 89
INFO 2025-10-01 20:55:27,928 basehttp 22732 2588 "GET /api/health/ HTTP/1.1" 200 89
INFO 2025-10-01 20:55:31,038 basehttp 22732 18548 "GET /api/health/ HTTP/1.1" 200 89
INFO 2025-10-01 20:55:57,930 basehttp 22732 2588 "GET /api/health/ HTTP/1.1" 200 89
INFO 2025-10-01 20:55:58,274 basehttp 22732 18548 "GET /api/health/ HTTP/1.1" 200 89
INFO 2025-10-01 20:56:01,537 basehttp 22732 18548 "GET /api/health/ HTTP/1.1" 200 89
INFO 2025-10-01 20:56:27,934 basehttp 22732 2588 "GET /api/health/ HTTP/1.1" 200 89
INFO 2025-10-01 20:56:29,126 basehttp 22732 18548 "GET /api/health/ HTTP/1.1" 200 89
INFO 2025-10-01 20:56:32,098 basehttp 22732 18548 "GET /api/health/ HTTP/1.1" 200 89
INFO 2025-10-01 20:56:57,939 basehttp 22732 2588 "GET /api/health/ HTTP/1.1" 200 89
INFO 2025-10-01 20:56:59,747 basehttp 22732 18548 "GET /api/health/ HTTP/1.1" 200 89
INFO 2025-10-01 20:57:02,611 basehttp 22732 18548 "GET /api/health/ HTTP/1.1" 200 89
INFO 2025-10-01 20:57:27,942 basehttp 22732 2588 "GET /api/health/ HTTP/1.1" 200 89
INFO 2025-10-01 20:57:30,340 basehttp 22732 18548 "GET /api/health/ HTTP/1.1" 200 89
INFO 2025-10-01 20:57:33,086 basehttp 22732 18548 "GET /api/health/ HTTP/1.1" 200 89
INFO 2025-10-01 20:57:57,948 basehttp 22732 2588 "GET /api/health/ HTTP/1.1" 200 89
INFO 2025-10-01 20:58:00,852 basehttp 22732 18548 "GET /api/health/ HTTP/1.1" 200 89
INFO 2025-10-01 20:58:03,725 basehttp 22732 18548 "GET /api/health/ HTTP/1.1" 200 89
INFO 2025-10-01 20:58:20,476 basehttp 22732 2588 "POST /prescription/patients/add/ HTTP/1.1" 302 0
INFO 2025-10-01 20:58:20,592 basehttp 22732 2588 "GET /prescription/patients/P777665/ HTTP/1.1" 200 33890
INFO 2025-10-01 20:58:20,698 basehttp 22732 2588 "GET /static/prescription/css/prescription.css HTTP/1.1" 304 0
INFO 2025-10-01 20:58:20,706 basehttp 22732 18392 "GET /static/prescription/js/prescription.js HTTP/1.1" 304 0
INFO 2025-10-01 20:58:29,780 basehttp 22732 2588 "GET /admin/prescription/prescription/add/ HTTP/1.1" 200 27981
INFO 2025-10-01 20:58:29,879 basehttp 22732 18392 "GET /static/admin/css/dark_mode.css HTTP/1.1" 200 2929
INFO 2025-10-01 20:58:29,879 basehttp 22732 2588 "GET /static/admin/css/base.css HTTP/1.1" 200 21207
INFO 2025-10-01 20:58:29,906 basehttp 22732 2828 "GET /static/admin/css/nav_sidebar.css HTTP/1.1" 200 2694
INFO 2025-10-01 20:58:29,918 basehttp 22732 5232 "GET /static/admin/css/forms.css HTTP/1.1" 200 9047
INFO 2025-10-01 20:58:29,921 basehttp 22732 11232 "GET /static/admin/js/nav_sidebar.js HTTP/1.1" 200 3063
INFO 2025-10-01 20:58:29,925 basehttp 22732 24304 "GET /static/admin/js/theme.js HTTP/1.1" 200 1943
INFO 2025-10-01 20:58:29,970 basehttp 22732 11232 "GET /static/admin/js/jquery.init.js HTTP/1.1" 200 347
INFO 2025-10-01 20:58:30,003 basehttp 22732 5232 "GET /static/admin/js/collapse.js HTTP/1.1" 200 1803
INFO 2025-10-01 20:58:30,013 basehttp 22732 2828 "GET /static/admin/js/calendar.js HTTP/1.1" 200 8466
INFO 2025-10-01 20:58:30,023 basehttp 22732 24304 "GET /static/admin/js/admin/DateTimeShortcuts.js HTTP/1.1" 200 19319
INFO 2025-10-01 20:58:30,078 basehttp 22732 24304 "GET /static/admin/js/urlify.js HTTP/1.1" 200 7887
INFO 2025-10-01 20:58:30,078 basehttp 22732 5232 "GET /static/admin/js/admin/RelatedObjectLookups.js HTTP/1.1" 200 8943
INFO 2025-10-01 20:58:30,091 basehttp 22732 2828 "GET /static/admin/js/actions.js HTTP/1.1" 200 7872
INFO 2025-10-01 20:58:30,115 basehttp 22732 11232 "GET /static/admin/js/core.js HTTP/1.1" 200 5682
INFO 2025-10-01 20:58:30,120 basehttp 22732 2828 "GET /static/admin/css/responsive.css HTTP/1.1" 200 18533
INFO 2025-10-01 20:58:30,139 basehttp 22732 2588 "GET /static/admin/js/vendor/jquery/jquery.js HTTP/1.1" 200 292458
INFO 2025-10-01 20:58:30,143 basehttp 22732 24304 "GET /static/admin/js/prepopulate.js HTTP/1.1" 200 1531
INFO 2025-10-01 20:58:30,162 basehttp 22732 11232 "GET /static/admin/js/change_form.js HTTP/1.1" 200 606
INFO 2025-10-01 20:58:30,172 basehttp 22732 2588 "GET /static/admin/css/widgets.css HTTP/1.1" 200 11900
INFO 2025-10-01 20:58:30,177 basehttp 22732 2828 "GET /static/admin/js/prepopulate_init.js HTTP/1.1" 200 586
INFO 2025-10-01 20:58:30,208 basehttp 22732 18392 "GET /admin/jsi18n/ HTTP/1.1" 200 3343
INFO 2025-10-01 20:58:30,232 basehttp 22732 5232 "GET /static/admin/js/vendor/xregexp/xregexp.js HTTP/1.1" 200 232381
INFO 2025-10-01 20:58:30,252 basehttp 22732 24304 "GET /static/admin/img/icon-viewlink.svg HTTP/1.1" 200 581
INFO 2025-10-01 20:58:30,252 basehttp 22732 2588 "GET /static/admin/img/icon-addlink.svg HTTP/1.1" 200 331
INFO 2025-10-01 20:58:30,253 basehttp 22732 2828 "GET /static/admin/img/icon-changelink.svg HTTP/1.1" 200 380
INFO 2025-10-01 20:58:30,412 basehttp 22732 2588 "GET /static/admin/img/icon-calendar.svg HTTP/1.1" 200 1086
INFO 2025-10-01 20:58:31,056 basehttp 22732 18548 "GET /api/health/ HTTP/1.1" 200 89
INFO 2025-10-01 20:58:34,096 basehttp 22732 18548 "GET /api/health/ HTTP/1.1" 200 89
INFO 2025-10-01 20:58:37,235 basehttp 22732 2588 "GET /prescription/patients/P777665/ HTTP/1.1" 200 33890
INFO 2025-10-01 20:59:01,206 basehttp 22732 18548 "GET /api/health/ HTTP/1.1" 200 89
INFO 2025-10-01 20:59:04,395 basehttp 22732 18548 "GET /api/health/ HTTP/1.1" 200 89
INFO 2025-10-01 20:59:07,409 basehttp 22732 2588 "GET /api/health/ HTTP/1.1" 200 89
INFO 2025-10-01 20:59:11,361 basehttp 22732 2588 "GET /prescription/patients/P777665/ HTTP/1.1" 200 33890
INFO 2025-10-01 20:59:31,981 basehttp 22732 18548 "GET /api/health/ HTTP/1.1" 200 89
INFO 2025-10-01 20:59:35,121 basehttp 22732 18548 "GET /api/health/ HTTP/1.1" 200 89
INFO 2025-10-01 20:59:41,541 basehttp 22732 2588 "GET /api/health/ HTTP/1.1" 200 89
INFO 2025-10-01 20:59:55,403 basehttp 22732 2588 "GET /dashboard/ HTTP/1.1" 200 237573
INFO 2025-10-01 20:59:55,499 basehttp 22732 2588 "GET /static/analytics/css/chat-formatting.css HTTP/1.1" 200 17782
INFO 2025-10-01 20:59:55,651 basehttp 22732 2588 "GET /api/datasets/ HTTP/1.1" 200 431
INFO 2025-10-01 20:59:55,783 basehttp 22732 2588 "GET /api/sessions/current/ HTTP/1.1" 200 656
INFO 2025-10-01 20:59:55,983 basehttp 22732 5232 "GET /api/sessions/current/ HTTP/1.1" 200 656
INFO 2025-10-01 20:59:56,001 basehttp 22732 24304 "GET /api/tools/list/ HTTP/1.1" 200 10194
INFO 2025-10-01 21:00:02,612 basehttp 22732 18548 "GET /api/health/ HTTP/1.1" 200 89
INFO 2025-10-01 21:00:05,667 basehttp 22732 18548 "GET /api/health/ HTTP/1.1" 200 89
INFO 2025-10-01 21:00:11,602 basehttp 22732 2588 "GET /prescription/ HTTP/1.1" 200 39696
INFO 2025-10-01 21:00:33,127 basehttp 22732 18548 "GET /api/health/ HTTP/1.1" 200 89
INFO 2025-10-01 21:00:35,144 basehttp 22732 2588 "GET /prescription/ HTTP/1.1" 200 39696
INFO 2025-10-01 21:00:36,016 basehttp 22732 18548 "GET /api/health/ HTTP/1.1" 200 89
INFO 2025-10-01 21:01:03,766 basehttp 22732 18548 "GET /api/health/ HTTP/1.1" 200 89
INFO 2025-10-01 21:01:05,484 basehttp 22732 2588 "GET /api/health/ HTTP/1.1" 200 89
INFO 2025-10-01 21:01:06,415 basehttp 22732 18548 "GET /api/health/ HTTP/1.1" 200 89
INFO 2025-10-01 21:01:16,063 basehttp 22732 2588 "GET /prescription/ HTTP/1.1" 200 39696
INFO 2025-10-01 21:01:34,245 basehttp 22732 18548 "GET /api/health/ HTTP/1.1" 200 89
INFO 2025-10-01 21:01:37,062 basehttp 22732 18548 "GET /api/health/ HTTP/1.1" 200 89
INFO 2025-10-01 21:01:46,600 basehttp 22732 2588 "GET /api/health/ HTTP/1.1" 200 89
INFO 2025-10-01 21:02:05,253 basehttp 22732 18548 "GET /api/health/ HTTP/1.1" 200 89
INFO 2025-10-01 21:02:07,985 basehttp 22732 18548 "GET /api/health/ HTTP/1.1" 200 89
INFO 2025-10-01 21:02:16,599 basehttp 22732 2588 "GET /api/health/ HTTP/1.1" 200 89
INFO 2025-10-01 21:02:20,202 basehttp 22732 2588 "GET /prescription/ HTTP/1.1" 200 39696
INFO 2025-10-01 21:02:35,224 basehttp 22732 18548 "GET /api/health/ HTTP/1.1" 200 89
INFO 2025-10-01 21:02:35,355 basehttp 22732 2588 "GET /prescription/ HTTP/1.1" 200 39696
INFO 2025-10-01 21:02:38,451 basehttp 22732 18548 "GET /api/health/ HTTP/1.1" 200 89
INFO 2025-10-01 21:02:52,943 basehttp 22732 2588 "GET /prescription/ HTTP/1.1" 200 39696
INFO 2025-10-01 21:03:06,050 basehttp 22732 18548 "GET /api/health/ HTTP/1.1" 200 89
INFO 2025-10-01 21:03:09,028 basehttp 22732 18548 "GET /api/health/ HTTP/1.1" 200 89
INFO 2025-10-01 21:03:23,200 basehttp 22732 2588 "GET /api/health/ HTTP/1.1" 200 89
INFO 2025-10-01 21:03:36,751 basehttp 22732 18548 "GET /api/health/ HTTP/1.1" 200 89
INFO 2025-10-01 21:03:40,016 basehttp 22732 18548 "GET /api/health/ HTTP/1.1" 200 89
INFO 2025-10-01 21:03:53,276 basehttp 22732 2588 "GET /api/health/ HTTP/1.1" 200 89
INFO 2025-10-01 21:04:07,651 basehttp 22732 18548 "GET /api/health/ HTTP/1.1" 200 89
INFO 2025-10-01 21:04:10,623 basehttp 22732 18548 "GET /api/health/ HTTP/1.1" 200 89
INFO 2025-10-01 21:04:23,217 basehttp 22732 2588 "GET /api/health/ HTTP/1.1" 200 89
INFO 2025-10-01 21:04:38,081 basehttp 22732 18548 "GET /api/health/ HTTP/1.1" 200 89
INFO 2025-10-01 21:04:41,244 basehttp 22732 18548 "GET /api/health/ HTTP/1.1" 200 89
INFO 2025-10-01 21:04:53,226 basehttp 22732 2588 "GET /api/health/ HTTP/1.1" 200 89
INFO 2025-10-01 21:05:08,789 basehttp 22732 18548 "GET /api/health/ HTTP/1.1" 200 89
INFO 2025-10-01 21:05:11,752 basehttp 22732 18548 "GET /api/health/ HTTP/1.1" 200 89
INFO 2025-10-01 21:05:23,225 basehttp 22732 2588 "GET /api/health/ HTTP/1.1" 200 89
INFO 2025-10-01 21:05:39,567 basehttp 22732 18548 "GET /api/health/ HTTP/1.1" 200 89
INFO 2025-10-01 21:05:42,677 basehttp 22732 18548 "GET /api/health/ HTTP/1.1" 200 89
INFO 2025-10-01 21:05:53,234 basehttp 22732 2588 "GET /api/health/ HTTP/1.1" 200 89
INFO 2025-10-01 21:06:10,231 basehttp 22732 18548 "GET /api/health/ HTTP/1.1" 200 89
INFO 2025-10-01 21:06:13,330 basehttp 22732 18548 "GET /api/health/ HTTP/1.1" 200 89
INFO 2025-10-01 21:06:23,244 basehttp 22732 2588 "GET /api/health/ HTTP/1.1" 200 89
INFO 2025-10-01 21:06:40,985 basehttp 22732 18548 "GET /api/health/ HTTP/1.1" 200 89
INFO 2025-10-01 21:06:43,791 basehttp 22732 18548 "GET /api/health/ HTTP/1.1" 200 89
INFO 2025-10-01 21:06:46,919 basehttp 22732 2588 "GET /prescription/ HTTP/1.1" 200 39696
INFO 2025-10-01 21:06:47,062 basehttp 22732 2588 "GET /static/prescription/css/prescription.css HTTP/1.1" 304 0
INFO 2025-10-01 21:06:47,070 basehttp 22732 2588 "GET /static/prescription/js/prescription.js HTTP/1.1" 304 0
INFO 2025-10-01 21:07:11,572 basehttp 22732 18548 "GET /api/health/ HTTP/1.1" 200 89
INFO 2025-10-01 21:07:14,170 basehttp 22732 18548 "GET /api/health/ HTTP/1.1" 200 89
INFO 2025-10-01 21:07:17,517 basehttp 22732 2588 "GET /api/health/ HTTP/1.1" 200 89
INFO 2025-10-01 21:07:40,403 basehttp 22732 2588 "GET /prescription/ HTTP/1.1" 200 39696
INFO 2025-10-01 21:07:42,378 basehttp 22732 18548 "GET /api/health/ HTTP/1.1" 200 89
INFO 2025-10-01 21:07:44,828 basehttp 22732 18548 "GET /api/health/ HTTP/1.1" 200 89
INFO 2025-10-01 21:08:11,205 basehttp 22732 2588 "GET /api/health/ HTTP/1.1" 200 89
INFO 2025-10-01 21:08:13,402 basehttp 22732 18548 "GET /api/health/ HTTP/1.1" 200 89
INFO 2025-10-01 21:08:14,659 basehttp 22732 18548 "GET /dashboard/ HTTP/1.1" 200 237572
INFO 2025-10-01 21:08:14,881 basehttp 22732 18548 "GET /static/analytics/css/chat-formatting.css HTTP/1.1" 200 17782
WARNING 2025-10-01 21:08:15,096 log 22732 18548 Not Found: /favicon.ico
INFO 2025-10-01 21:08:15,097 basehttp 22732 18548 - Broken pipe from ('127.0.0.1', 58946)
INFO 2025-10-01 21:08:15,353 basehttp 22732 22860 "GET /api/datasets/ HTTP/1.1" 200 1762
INFO 2025-10-01 21:08:15,582 basehttp 22732 22860 "GET /api/sessions/current/ HTTP/1.1" 200 570
INFO 2025-10-01 21:08:15,585 basehttp 22732 1136 "GET /api/sessions/current/ HTTP/1.1" 200 570
INFO 2025-10-01 21:08:15,663 basehttp 22732 14244 "GET /api/tools/list/ HTTP/1.1" 200 10194
INFO 2025-10-01 21:08:15,696 basehttp 22732 18644 "GET /api/sessions/28/history/ HTTP/1.1" 200 425
INFO 2025-10-01 21:08:41,738 basehttp 22732 2588 "GET /api/health/ HTTP/1.1" 200 89
INFO 2025-10-01 21:08:43,461 basehttp 22732 14244 "GET /api/health/ HTTP/1.1" 200 89
INFO 2025-10-01 21:08:45,311 basehttp 22732 14244 "GET /api/health/ HTTP/1.1" 200 89
INFO 2025-10-01 21:09:12,053 basehttp 22732 2588 "GET /api/health/ HTTP/1.1" 200 89
INFO 2025-10-01 21:09:13,461 basehttp 22732 14244 "GET /api/health/ HTTP/1.1" 200 89
INFO 2025-10-01 21:09:16,123 basehttp 22732 14244 "GET /api/health/ HTTP/1.1" 200 89
INFO 2025-10-01 21:09:42,376 basehttp 22732 2588 "GET /api/health/ HTTP/1.1" 200 89
INFO 2025-10-01 21:09:43,464 basehttp 22732 14244 "GET /api/health/ HTTP/1.1" 200 89
INFO 2025-10-01 21:09:46,942 basehttp 22732 14244 "GET /api/health/ HTTP/1.1" 200 89
INFO 2025-10-01 21:10:12,542 basehttp 22732 2588 "GET /api/health/ HTTP/1.1" 200 89
INFO 2025-10-01 21:10:13,473 basehttp 22732 14244 "GET /api/health/ HTTP/1.1" 200 89
INFO 2025-10-01 21:10:18,038 basehttp 22732 14244 "GET /api/health/ HTTP/1.1" 200 89
INFO 2025-10-01 21:10:42,768 basehttp 22732 2588 "GET /api/health/ HTTP/1.1" 200 89
INFO 2025-10-01 21:10:43,479 basehttp 22732 14244 "GET /api/health/ HTTP/1.1" 200 89
INFO 2025-10-01 21:10:48,820 basehttp 22732 14244 "GET /api/health/ HTTP/1.1" 200 89
INFO 2025-10-01 21:11:13,174 basehttp 22732 2588 "GET /api/health/ HTTP/1.1" 200 89
INFO 2025-10-01 21:11:13,475 basehttp 22732 14244 "GET /api/health/ HTTP/1.1" 200 89
INFO 2025-10-01 21:11:19,465 basehttp 22732 14244 "GET /api/health/ HTTP/1.1" 200 89
INFO 2025-10-01 21:11:43,498 basehttp 22732 14244 "GET /api/health/ HTTP/1.1" 200 89
INFO 2025-10-01 21:11:43,512 basehttp 22732 2588 "GET /api/health/ HTTP/1.1" 200 89
INFO 2025-10-01 21:11:49,846 basehttp 22732 14244 "GET /api/health/ HTTP/1.1" 200 89
INFO 2025-10-01 21:12:13,510 basehttp 22732 14244 "GET /api/health/ HTTP/1.1" 200 89
INFO 2025-10-01 21:12:13,956 basehttp 22732 2588 "GET /api/health/ HTTP/1.1" 200 89
INFO 2025-10-01 21:12:20,254 basehttp 22732 14244 "GET /api/health/ HTTP/1.1" 200 89
INFO 2025-10-01 21:12:43,525 basehttp 22732 14244 "GET /api/health/ HTTP/1.1" 200 89
INFO 2025-10-01 21:12:44,749 basehttp 22732 2588 "GET /api/health/ HTTP/1.1" 200 89
INFO 2025-10-01 21:12:50,938 basehttp 22732 14244 "GET /api/health/ HTTP/1.1" 200 89
INFO 2025-10-01 21:13:13,523 basehttp 22732 14244 "GET /api/health/ HTTP/1.1" 200 89
INFO 2025-10-01 21:13:17,169 basehttp 22732 2588 "GET /api/health/ HTTP/1.1" 200 89
INFO 2025-10-01 21:13:21,536 basehttp 22732 14244 "GET /api/health/ HTTP/1.1" 200 89
INFO 2025-10-01 21:13:43,531 basehttp 22732 14244 "GET /api/health/ HTTP/1.1" 200 89
INFO 2025-10-01 21:13:47,747 basehttp 22732 2588 "GET /api/health/ HTTP/1.1" 200 89
INFO 2025-10-01 21:13:52,282 basehttp 22732 14244 "GET /api/health/ HTTP/1.1" 200 89
INFO 2025-10-01 21:14:13,532 basehttp 22732 14244 "GET /api/health/ HTTP/1.1" 200 89
INFO 2025-10-01 21:14:18,832 basehttp 22732 2588 "GET /api/health/ HTTP/1.1" 200 89
INFO 2025-10-01 21:14:23,192 basehttp 22732 14244 "GET /api/health/ HTTP/1.1" 200 89
INFO 2025-10-01 21:14:43,534 basehttp 22732 14244 "GET /api/health/ HTTP/1.1" 200 89
INFO 2025-10-01 21:14:49,596 basehttp 22732 2588 "GET /api/health/ HTTP/1.1" 200 89
INFO 2025-10-01 21:14:54,006 basehttp 22732 14244 "GET /api/health/ HTTP/1.1" 200 89
INFO 2025-10-01 21:15:13,536 basehttp 22732 14244 "GET /api/health/ HTTP/1.1" 200 89
INFO 2025-10-01 21:15:20,602 basehttp 22732 2588 "GET /api/health/ HTTP/1.1" 200 89
INFO 2025-10-01 21:15:24,656 basehttp 22732 14244 "GET /api/health/ HTTP/1.1" 200 89
INFO 2025-10-01 21:15:43,542 basehttp 22732 14244 "GET /api/health/ HTTP/1.1" 200 89
INFO 2025-10-01 21:15:47,478 basehttp 22732 14244 "GET /prescription/ HTTP/1.1" 200 39375
INFO 2025-10-01 21:15:47,665 basehttp 22732 14244 "GET /static/prescription/css/prescription.css HTTP/1.1" 200 5983
INFO 2025-10-01 21:15:47,668 basehttp 22732 14244 "GET /static/prescription/js/prescription.js HTTP/1.1" 304 0
INFO 2025-10-01 21:15:51,609 basehttp 22732 2588 "GET /api/health/ HTTP/1.1" 200 89
INFO 2025-10-01 21:15:52,852 basehttp 22732 14244 "GET /prescription/patients/ HTTP/1.1" 200 38060
INFO 2025-10-01 21:15:52,956 basehttp 22732 14244 "GET /static/prescription/css/prescription.css HTTP/1.1" 304 0
INFO 2025-10-01 21:15:55,021 basehttp 22732 14244 "GET /api/health/ HTTP/1.1" 200 89
INFO 2025-10-01 21:16:22,210 basehttp 22732 2588 "GET /api/health/ HTTP/1.1" 200 89
INFO 2025-10-01 21:16:23,145 basehttp 22732 14244 "GET /api/health/ HTTP/1.1" 200 89
INFO 2025-10-01 21:16:25,939 basehttp 22732 14244 "GET /api/health/ HTTP/1.1" 200 89
INFO 2025-10-01 21:16:52,440 basehttp 22732 2588 "GET /api/health/ HTTP/1.1" 200 89
INFO 2025-10-01 21:16:53,151 basehttp 22732 14244 "GET /api/health/ HTTP/1.1" 200 89
INFO 2025-10-01 21:16:56,860 basehttp 22732 14244 "GET /api/health/ HTTP/1.1" 200 89
INFO 2025-10-01 21:17:10,501 basehttp 22732 14244 "GET /prescription/patients/ HTTP/1.1" 200 38075
INFO 2025-10-01 21:17:10,691 basehttp 22732 14244 "GET /static/prescription/css/prescription.css HTTP/1.1" 200 7422
INFO 2025-10-01 21:17:17,824 basehttp 22732 14244 "GET /prescription/patients/P005/ HTTP/1.1" 200 35179
INFO 2025-10-01 21:17:18,201 basehttp 22732 14244 "GET /static/prescription/css/prescription.css HTTP/1.1" 200 7930
INFO 2025-10-01 21:17:23,431 basehttp 22732 2588 "GET /api/health/ HTTP/1.1" 200 89
INFO 2025-10-01 21:17:24,459 basehttp 22732 14244 "GET /prescription/dashboard/ HTTP/1.1" 200 39375
INFO 2025-10-01 21:17:24,718 basehttp 22732 14244 "GET /static/prescription/css/prescription.css HTTP/1.1" 304 0
INFO 2025-10-01 21:17:26,885 basehttp 22732 14244 "GET /api/health/ HTTP/1.1" 200 89
ERROR 2025-10-01 21:17:39,310 log 22732 14244 Internal Server Error: /prescription/analytics/
ERROR 2025-10-01 21:17:39,353 basehttp 22732 14244 "GET /prescription/analytics/ HTTP/1.1" 500 102
WARNING 2025-10-01 21:17:39,648 log 22732 24524 Not Found: /favicon.ico
WARNING 2025-10-01 21:17:39,651 basehttp 22732 24524 "GET /favicon.ico HTTP/1.1" 404 9688
ERROR 2025-10-01 21:17:53,321 log 22732 14244 Internal Server Error: /prescription/prescriptions/
ERROR 2025-10-01 21:17:53,322 basehttp 22732 14244 "GET /prescription/prescriptions/ HTTP/1.1" 500 102
WARNING 2025-10-01 21:17:53,501 log 22732 24524 Not Found: /favicon.ico
WARNING 2025-10-01 21:17:53,506 basehttp 22732 24524 "GET /favicon.ico HTTP/1.1" 404 9688
INFO 2025-10-01 21:17:54,282 basehttp 22732 2588 "GET /api/health/ HTTP/1.1" 200 89
INFO 2025-10-01 21:17:56,323 basehttp 22732 14244 "GET /prescription/patients/ HTTP/1.1" 200 38075
INFO 2025-10-01 21:17:56,489 basehttp 22732 14244 "GET /static/prescription/css/prescription.css HTTP/1.1" 200 7930
INFO 2025-10-01 21:17:57,521 basehttp 22732 14244 "GET /api/health/ HTTP/1.1" 200 89
INFO 2025-10-01 21:18:11,157 basehttp 22732 14244 "GET /api/health/ HTTP/1.1" 200 89
INFO 2025-10-01 21:18:24,872 basehttp 22732 2588 "GET /api/health/ HTTP/1.1" 200 89
INFO 2025-10-01 21:18:28,024 basehttp 22732 14244 "GET /api/health/ HTTP/1.1" 200 89
INFO 2025-10-01 21:18:41,160 basehttp 22732 14244 "GET /api/health/ HTTP/1.1" 200 89
INFO 2025-10-01 21:18:55,607 basehttp 22732 2588 "GET /api/health/ HTTP/1.1" 200 89
INFO 2025-10-01 21:18:58,509 basehttp 22732 14244 "GET /api/health/ HTTP/1.1" 200 89
INFO 2025-10-01 21:19:11,169 basehttp 22732 14244 "GET /api/health/ HTTP/1.1" 200 89
INFO 2025-10-01 21:19:26,698 basehttp 22732 2588 "GET /api/health/ HTTP/1.1" 200 89
INFO 2025-10-01 21:19:29,399 basehttp 22732 14244 "GET /api/health/ HTTP/1.1" 200 89
INFO 2025-10-01 21:19:32,511 autoreload 22732 13068 F:\analytical\analytical\prescription\views.py changed, reloading.
INFO 2025-10-01 21:19:37,592 autoreload 23876 8028 Watching for file changes with StatReloader
INFO 2025-10-01 21:19:58,356 basehttp 23876 7224 "GET /api/health/ HTTP/1.1" 200 89
ERROR 2025-10-01 21:19:58,444 log 23876 12608 Internal Server Error: /prescription/prescriptions/
ERROR 2025-10-01 21:19:58,448 basehttp 23876 12608 "GET /prescription/prescriptions/ HTTP/1.1" 500 102
WARNING 2025-10-01 21:19:58,745 log 23876 24164 Not Found: /favicon.ico
WARNING 2025-10-01 21:19:58,746 basehttp 23876 24164 "GET /favicon.ico HTTP/1.1" 404 9688
INFO 2025-10-01 21:20:00,394 basehttp 23876 12608 "GET /api/health/ HTTP/1.1" 200 89
INFO 2025-10-01 21:20:26,898 autoreload 23876 8028 F:\analytical\analytical\prescription\urls.py changed, reloading.
INFO 2025-10-01 21:20:31,034 autoreload 1984 24280 Watching for file changes with StatReloader
INFO 2025-10-01 21:20:58,102 basehttp 1984 17064 "GET /dashboard/ HTTP/1.1" 200 237572
INFO 2025-10-01 21:20:59,425 basehttp 1984 17064 "GET /api/datasets/ HTTP/1.1" 200 1762
INFO 2025-10-01 21:21:00,239 basehttp 1984 4544 "GET /api/sessions/current/ HTTP/1.1" 200 570
INFO 2025-10-01 21:21:00,505 basehttp 1984 21620 "GET /api/sessions/28/history/ HTTP/1.1" 200 425
INFO 2025-10-01 21:21:00,569 basehttp 1984 2160 "GET /api/sessions/current/ HTTP/1.1" 200 570
INFO 2025-10-01 21:21:00,577 basehttp 1984 5992 "GET /api/tools/list/ HTTP/1.1" 200 10194
INFO 2025-10-01 21:21:02,852 basehttp 1984 8028 "GET /api/health/ HTTP/1.1" 200 89
INFO 2025-10-01 21:21:04,666 basehttp 1984 5992 "GET /api/health/ HTTP/1.1" 200 89
INFO 2025-10-01 21:21:29,390 basehttp 1984 5992 "GET /api/health/ HTTP/1.1" 200 89
INFO 2025-10-01 21:21:33,544 basehttp 1984 8028 "GET /api/health/ HTTP/1.1" 200 89
INFO 2025-10-01 21:21:35,553 basehttp 1984 5992 "GET /api/health/ HTTP/1.1" 200 89
INFO 2025-10-01 21:21:40,516 basehttp 1984 5992 "GET /prescription/dashboard/ HTTP/1.1" 200 41982
INFO 2025-10-01 21:21:40,639 basehttp 1984 5992 "GET /static/prescription/css/prescription.css HTTP/1.1" 200 8274
INFO 2025-10-01 21:21:51,690 basehttp 1984 5992 "GET /prescription/htmx/patient-search/?q=fazlul HTTP/1.1" 200 373
INFO 2025-10-01 21:21:59,890 basehttp 1984 5992 "GET /api/health/ HTTP/1.1" 200 89
INFO 2025-10-01 21:22:01,785 basehttp 1984 17064 "POST /enhanced-chat/send/ HTTP/1.1" 200 363498
INFO 2025-10-01 21:22:02,472 basehttp 1984 17064 "GET /prescription/patients/add/ HTTP/1.1" 200 37659
INFO 2025-10-01 21:22:02,608 basehttp 1984 5992 "GET /static/prescription/css/prescription.css HTTP/1.1" 304 0
INFO 2025-10-01 21:22:03,964 basehttp 1984 8028 "GET /api/health/ HTTP/1.1" 200 89
INFO 2025-10-01 21:22:17,803 basehttp 1984 5992 "GET /api/health/ HTTP/1.1" 200 89
INFO 2025-10-01 21:22:29,921 basehttp 1984 5992 "GET /api/health/ HTTP/1.1" 200 89
INFO 2025-10-01 21:22:34,510 basehttp 1984 8028 "GET /api/health/ HTTP/1.1" 200 89
INFO 2025-10-01 21:22:48,790 basehttp 1984 5992 "GET /api/health/ HTTP/1.1" 200 89
INFO 2025-10-01 21:22:59,935 basehttp 1984 5992 "GET /api/health/ HTTP/1.1" 200 89
INFO 2025-10-01 21:23:04,649 basehttp 1984 8028 "GET /api/health/ HTTP/1.1" 200 89
INFO 2025-10-01 21:23:19,422 basehttp 1984 5992 "GET /api/health/ HTTP/1.1" 200 89
INFO 2025-10-01 21:23:29,938 basehttp 1984 5992 "GET /api/health/ HTTP/1.1" 200 89
INFO 2025-10-01 21:23:35,109 basehttp 1984 8028 "GET /api/health/ HTTP/1.1" 200 89
INFO 2025-10-01 21:23:50,014 basehttp 1984 5992 "GET /api/health/ HTTP/1.1" 200 89
INFO 2025-10-01 21:23:59,939 basehttp 1984 5992 "GET /api/health/ HTTP/1.1" 200 89
INFO 2025-10-01 21:24:05,771 basehttp 1984 8028 "GET /api/health/ HTTP/1.1" 200 89
INFO 2025-10-01 21:24:20,312 basehttp 1984 5992 "GET /api/health/ HTTP/1.1" 200 89
INFO 2025-10-01 21:24:29,952 basehttp 1984 5992 "GET /api/health/ HTTP/1.1" 200 89
INFO 2025-10-01 21:24:36,377 basehttp 1984 8028 "GET /api/health/ HTTP/1.1" 200 89
INFO 2025-10-01 21:24:50,809 basehttp 1984 5992 "GET /api/health/ HTTP/1.1" 200 89
INFO 2025-10-01 21:24:59,970 basehttp 1984 5992 "GET /api/health/ HTTP/1.1" 200 89
INFO 2025-10-01 21:25:06,724 basehttp 1984 8028 "GET /api/health/ HTTP/1.1" 200 89
INFO 2025-10-01 21:25:21,587 basehttp 1984 5992 "GET /api/health/ HTTP/1.1" 200 89
INFO 2025-10-01 21:25:29,972 basehttp 1984 5992 "GET /api/health/ HTTP/1.1" 200 89
INFO 2025-10-01 21:25:36,899 basehttp 1984 8028 "GET /api/health/ HTTP/1.1" 200 89
INFO 2025-10-01 21:25:52,428 basehttp 1984 5992 "GET /api/health/ HTTP/1.1" 200 89
INFO 2025-10-01 21:25:59,987 basehttp 1984 5992 "GET /api/health/ HTTP/1.1" 200 89
INFO 2025-10-01 21:26:07,256 basehttp 1984 8028 "GET /api/health/ HTTP/1.1" 200 89
INFO 2025-10-01 21:26:22,866 basehttp 1984 5992 "GET /api/health/ HTTP/1.1" 200 89
INFO 2025-10-01 21:26:29,998 basehttp 1984 5992 "GET /api/health/ HTTP/1.1" 200 89
INFO 2025-10-01 21:26:37,651 basehttp 1984 8028 "GET /api/health/ HTTP/1.1" 200 89
INFO 2025-10-01 21:26:53,369 basehttp 1984 5992 "GET /api/health/ HTTP/1.1" 200 89
INFO 2025-10-01 21:27:00,007 basehttp 1984 5992 "GET /api/health/ HTTP/1.1" 200 89
INFO 2025-10-01 21:27:08,147 basehttp 1984 8028 "GET /api/health/ HTTP/1.1" 200 89
INFO 2025-10-01 21:27:23,930 basehttp 1984 5992 "GET /api/health/ HTTP/1.1" 200 89
INFO 2025-10-01 21:27:30,061 basehttp 1984 5992 "GET /api/health/ HTTP/1.1" 200 89
INFO 2025-10-01 21:27:38,532 basehttp 1984 8028 "GET /api/health/ HTTP/1.1" 200 89
INFO 2025-10-01 21:27:54,688 basehttp 1984 5992 "GET /api/health/ HTTP/1.1" 200 89
INFO 2025-10-01 21:28:00,070 basehttp 1984 5992 "GET /api/health/ HTTP/1.1" 200 89
INFO 2025-10-01 21:28:09,736 basehttp 1984 8028 "GET /api/health/ HTTP/1.1" 200 89
INFO 2025-10-01 21:28:25,527 basehttp 1984 5992 "GET /api/health/ HTTP/1.1" 200 89
INFO 2025-10-01 21:28:30,079 basehttp 1984 5992 "GET /api/health/ HTTP/1.1" 200 89
INFO 2025-10-01 21:28:39,471 basehttp 1984 8028 "GET /api/health/ HTTP/1.1" 200 89
INFO 2025-10-01 21:28:55,907 basehttp 1984 5992 "GET /api/health/ HTTP/1.1" 200 89
INFO 2025-10-01 21:29:00,079 basehttp 1984 5992 "GET /api/health/ HTTP/1.1" 200 89
INFO 2025-10-01 21:29:10,008 basehttp 1984 8028 "GET /api/health/ HTTP/1.1" 200 89
INFO 2025-10-01 21:29:26,570 basehttp 1984 5992 "GET /api/health/ HTTP/1.1" 200 89
INFO 2025-10-01 21:29:30,087 basehttp 1984 5992 "GET /api/health/ HTTP/1.1" 200 89
INFO 2025-10-01 21:29:40,694 basehttp 1984 8028 "GET /api/health/ HTTP/1.1" 200 89
INFO 2025-10-01 21:29:57,079 basehttp 1984 5992 "GET /api/health/ HTTP/1.1" 200 89
INFO 2025-10-01 21:30:00,102 basehttp 1984 5992 "GET /api/health/ HTTP/1.1" 200 89
INFO 2025-10-01 21:30:11,527 basehttp 1984 8028 "GET /api/health/ HTTP/1.1" 200 89
INFO 2025-10-01 21:30:27,990 basehttp 1984 5992 "GET /api/health/ HTTP/1.1" 200 89
INFO 2025-10-01 21:30:30,107 basehttp 1984 5992 "GET /api/health/ HTTP/1.1" 200 89
INFO 2025-10-01 21:30:42,464 basehttp 1984 8028 "GET /api/health/ HTTP/1.1" 200 89
INFO 2025-10-01 21:30:58,598 basehttp 1984 5992 "GET /api/health/ HTTP/1.1" 200 89
INFO 2025-10-01 21:31:00,176 basehttp 1984 5992 "GET /api/health/ HTTP/1.1" 200 89
INFO 2025-10-01 21:31:13,210 basehttp 1984 8028 "GET /api/health/ HTTP/1.1" 200 89
INFO 2025-10-01 21:31:28,630 basehttp 1984 5992 "GET /api/health/ HTTP/1.1" 200 89
INFO 2025-10-01 21:31:30,113 basehttp 1984 5992 "GET /api/health/ HTTP/1.1" 200 89
INFO 2025-10-01 21:31:43,174 basehttp 1984 8028 "GET /api/health/ HTTP/1.1" 200 89
INFO 2025-10-01 21:31:59,246 basehttp 1984 5992 "GET /api/health/ HTTP/1.1" 200 89
INFO 2025-10-01 21:32:00,127 basehttp 1984 5992 "GET /api/health/ HTTP/1.1" 200 89
INFO 2025-10-01 21:32:13,758 basehttp 1984 8028 "GET /api/health/ HTTP/1.1" 200 89
INFO 2025-10-01 21:32:30,167 basehttp 1984 5992 "GET /api/health/ HTTP/1.1" 200 89
INFO 2025-10-01 21:32:30,215 basehttp 1984 5992 "GET /api/health/ HTTP/1.1" 200 89
INFO 2025-10-01 21:32:44,468 basehttp 1984 8028 "GET /api/health/ HTTP/1.1" 200 89
INFO 2025-10-01 21:33:00,225 basehttp 1984 5992 "GET /api/health/ HTTP/1.1" 200 89
INFO 2025-10-01 21:33:00,558 basehttp 1984 5992 "GET /api/health/ HTTP/1.1" 200 89
INFO 2025-10-01 21:33:15,360 basehttp 1984 8028 "GET /api/health/ HTTP/1.1" 200 89
INFO 2025-10-01 21:33:30,233 basehttp 1984 5992 "GET /api/health/ HTTP/1.1" 200 89
INFO 2025-10-01 21:33:30,777 basehttp 1984 5992 "GET /api/health/ HTTP/1.1" 200 89
INFO 2025-10-01 21:33:46,257 basehttp 1984 8028 "GET /api/health/ HTTP/1.1" 200 89
INFO 2025-10-01 21:34:00,270 basehttp 1984 5992 "GET /api/health/ HTTP/1.1" 200 89
INFO 2025-10-01 21:34:01,546 basehttp 1984 5992 "GET /api/health/ HTTP/1.1" 200 89
INFO 2025-10-01 21:34:17,031 basehttp 1984 8028 "GET /api/health/ HTTP/1.1" 200 89
INFO 2025-10-01 21:34:30,305 basehttp 1984 5992 "GET /api/health/ HTTP/1.1" 200 89
INFO 2025-10-01 21:34:32,144 basehttp 1984 5992 "GET /api/health/ HTTP/1.1" 200 89
INFO 2025-10-01 21:34:47,861 basehttp 1984 8028 "GET /api/health/ HTTP/1.1" 200 89
INFO 2025-10-01 21:35:00,312 basehttp 1984 5992 "GET /api/health/ HTTP/1.1" 200 89
INFO 2025-10-01 21:35:02,632 basehttp 1984 5992 "GET /api/health/ HTTP/1.1" 200 89
INFO 2025-10-01 21:35:18,470 basehttp 1984 8028 "GET /api/health/ HTTP/1.1" 200 89
INFO 2025-10-01 21:35:30,340 basehttp 1984 5992 "GET /api/health/ HTTP/1.1" 200 89
INFO 2025-10-01 21:35:33,017 basehttp 1984 5992 "GET /api/health/ HTTP/1.1" 200 89
INFO 2025-10-01 21:35:48,476 basehttp 1984 8028 "GET /api/health/ HTTP/1.1" 200 89
INFO 2025-10-01 21:36:00,345 basehttp 1984 5992 "GET /api/health/ HTTP/1.1" 200 89
INFO 2025-10-01 21:36:03,543 basehttp 1984 5992 "GET /api/health/ HTTP/1.1" 200 89
INFO 2025-10-01 21:36:19,480 basehttp 1984 8028 "GET /api/health/ HTTP/1.1" 200 89
INFO 2025-10-01 21:36:30,346 basehttp 1984 5992 "GET /api/health/ HTTP/1.1" 200 89
INFO 2025-10-01 21:36:34,084 basehttp 1984 5992 "GET /api/health/ HTTP/1.1" 200 89
INFO 2025-10-01 21:36:50,040 basehttp 1984 8028 "GET /api/health/ HTTP/1.1" 200 89
INFO 2025-10-01 21:37:00,355 basehttp 1984 5992 "GET /api/health/ HTTP/1.1" 200 89
INFO 2025-10-01 21:37:04,565 basehttp 1984 5992 "GET /api/health/ HTTP/1.1" 200 89
INFO 2025-10-01 21:37:20,270 basehttp 1984 8028 "GET /api/health/ HTTP/1.1" 200 89
INFO 2025-10-01 21:37:30,425 basehttp 1984 5992 "GET /api/health/ HTTP/1.1" 200 89
INFO 2025-10-01 21:37:35,509 basehttp 1984 5992 "GET /api/health/ HTTP/1.1" 200 89
INFO 2025-10-01 21:37:50,550 basehttp 1984 8028 "GET /api/health/ HTTP/1.1" 200 89
INFO 2025-10-01 21:38:00,439 basehttp 1984 5992 "GET /api/health/ HTTP/1.1" 200 89
INFO 2025-10-01 21:38:06,054 basehttp 1984 5992 "GET /api/health/ HTTP/1.1" 200 89
INFO 2025-10-01 21:38:21,068 basehttp 1984 8028 "GET /api/health/ HTTP/1.1" 200 89
INFO 2025-10-01 21:38:30,463 basehttp 1984 5992 "GET /api/health/ HTTP/1.1" 200 89
INFO 2025-10-01 21:39:12,546 basehttp 1984 5992 "GET /api/health/ HTTP/1.1" 200 89
INFO 2025-10-01 21:39:12,570 basehttp 1984 8028 "GET /api/health/ HTTP/1.1" 200 89
INFO 2025-10-01 21:39:13,039 basehttp 1984 24272 "GET /api/health/ HTTP/1.1" 200 89
INFO 2025-10-01 21:39:26,369 basehttp 1984 5992 "GET /prescription/patients/ HTTP/1.1" 200 38075
INFO 2025-10-01 21:39:26,546 basehttp 1984 5992 "GET /static/prescription/css/prescription.css HTTP/1.1" 304 0
INFO 2025-10-01 21:39:26,548 basehttp 1984 5992 "GET /static/prescription/js/prescription.js HTTP/1.1" 304 0
ERROR 2025-10-01 21:39:30,551 log 1984 5992 Internal Server Error: /prescription/prescriptions/
ERROR 2025-10-01 21:39:30,552 basehttp 1984 5992 "GET /prescription/prescriptions/ HTTP/1.1" 500 102
WARNING 2025-10-01 21:39:30,765 log 1984 24352 Not Found: /favicon.ico
WARNING 2025-10-01 21:39:30,766 basehttp 1984 24352 "GET /favicon.ico HTTP/1.1" 404 9688
INFO 2025-10-01 21:39:37,736 basehttp 1984 5992 "GET /prescription/htmx/prescription-search/?q=in HTTP/1.1" 200 260
INFO 2025-10-01 21:39:39,666 basehttp 1984 5992 "GET /prescription/htmx/prescription-search/?q=ins HTTP/1.1" 200 261
INFO 2025-10-01 21:39:40,088 basehttp 1984 5992 "GET /prescription/htmx/prescription-search/?q=insi HTTP/1.1" 200 262
INFO 2025-10-01 21:39:40,696 basehttp 1984 5992 "GET /prescription/htmx/prescription-search/?q=inside HTTP/1.1" 200 264
INFO 2025-10-01 21:39:42,041 basehttp 1984 8028 "GET /api/health/ HTTP/1.1" 200 89
INFO 2025-10-01 21:39:42,456 basehttp 1984 5992 "GET /api/health/ HTTP/1.1" 200 89
INFO 2025-10-01 21:39:45,711 basehttp 1984 5992 "GET /api/health/ HTTP/1.1" 200 89
INFO 2025-10-01 21:39:47,877 basehttp 1984 5992 "GET /prescription/patients/ HTTP/1.1" 200 38075
ERROR 2025-10-01 21:39:56,141 log 1984 5992 Internal Server Error: /prescription/htmx/patient-search/
ERROR 2025-10-01 21:39:56,142 basehttp 1984 5992 "GET /prescription/htmx/patient-search/?q=Amanda%20Wilson HTTP/1.1" 500 102
INFO 2025-10-01 21:40:12,396 basehttp 1984 8028 "GET /api/health/ HTTP/1.1" 200 89
INFO 2025-10-01 21:40:12,909 basehttp 1984 5992 "GET /api/health/ HTTP/1.1" 200 89
INFO 2025-10-01 21:40:21,481 basehttp 1984 5992 "GET /api/health/ HTTP/1.1" 200 89
INFO 2025-10-01 21:40:25,711 basehttp 1984 5992 "GET /prescription/htmx/prescription-search/?q= HTTP/1.1" 200 3413
INFO 2025-10-01 21:40:27,072 basehttp 1984 5992 "GET /prescription/htmx/prescription-search/?q=GET%20http%3A%2F%2F127.0.0.1%3A8000%2Ffavicon.ico%20%5BHTTP%2F1.1%20404%20Not%20Found%200ms%5D%20%20XHRGET%20http%3A%2F%2F127.0.0.1%3A8000%2Fprescription%2Fhtmx%2Fpatient-search%2F%3Fq%3DAmanda%20Wilson%20%5BHTTP%2F1.1%20500%20Internal%20Server%20Error%2011ms%5D%20%20Response%20Status%20Error%20Code%20500%20from%20%2Fprescription%2Fhtmx%2Fpatient-search%2F%20htmx.org%401.9.10%3A1%3A26530%20HTMX%20Response%20Error%3A%20%20Object%20%7B%20error%3A%20%22Response%20Status%20Error%20Code%20500%20from%20%2Fprescription%2Fhtmx%2Fpatient-search%2F%22%2C%20xhr%3A%20XMLHttpRequest%2C%20target%3A%20div%23patient-results%2C%20requestConfig%3A%20%7B%E2%80%A6%7D%2C%20etc%3A%20%7B%7D%2C%20boosted%3A%20undefined%2C%20select%3A%20null%2C%20pathInfo%3A%20%7B%E2%80%A6%7D%2C%20elt%3A%20input%23patient-search-input.form-control.loading%2C%20failed%3A%20true%2C%20%E2%80%A6%20%7D%20htmx-config.js%3A17%3A17%20HTMX%20Error%3A%20%20Object%20%7B%20error%3A%20%22Response%20Status%20Error%20Code%20500%20from%20%2Fprescription%2Fhtmx%2Fpatient-search%2F%22%2C%20xhr%3A%20XMLHttpRequest%2C%20target%3A%20div%23patient-results%2C%20requestConfig%3A%20%7B%E2%80%A6%7D%2C%20etc%3A%20%7B%7D%2C%20boosted%3A%20undefined%2C%20select%3A%20null%2C%20pathInfo%3A%20%7B%E2%80%A6%7D%2C%20elt%3A%20input%23patient-search-input.form-control.loading%2C%20failed%3A%20true%2C%20%E2%80%A6%20%7D%20main.js%3A27%3A17%20HTMX%20afterRequest%20event%3A%20%20Object%20%7B%20xhr%3A%20XMLHttpRequest%2C%20target%3A%20div%23patient-results%2C%20requestConfig%3A%20%7B%E2%80%A6%7D%2C%20etc%3A%20%7B%7D%2C%20boosted%3A%20undefined%2C%20select%3A%20null%2C%20pathInfo%3A%20%7B%E2%80%A6%7D%2C%20elt%3A%20input%23patient-search-input.form-control.loading%2C%20failed%3A%20true%2C%20successful%3A%20false%20%7D%20dashboard%3A562%3A17%20HTMX%20afterOnLoad%20event%3A%20%20Object%20%7B%20xhr%3A%20XMLHttpRequest%2C%20target%3A%20div%23patient-results%2C%20requestConfig%3A%20%7B%E2%80%A6%7D%2C%20etc%3A%20%7B%7D%2C%20boosted%3A%20undefined%2C%20select%3A%20null%2C%20pathInfo%3A%20%7B%E2%80%A6%7D%2C%20elt%3A%20input%23patient-search-input.form-control%2C%20failed%3A%20true%2C%20successful%3A%20false%20%7D%20dashboard%3A570%3A17%20GET%20data%3Aimage%2Fsvg%2Bxml%2C%253csvg%20xmlns%3D%27http%3A%2F%2Fwww.w3.org%2F2000%2Fsvg%27%20viewBox%3D%270%200%2016%2016%27%20fill%3D%27%2523000%27%253e%253cpath%20d%3D%27M.293.293a1%201%200%200%201%201.414%200L8%206.586%2014.293.293a1%201%200%201%201%201.414%201.414L9.414%208l6.293%206.293a1%201%200%200%201-1.414%201.414L8%209.414l-6.293%206.293a1%201%200%200%201-1.414-1.414L6.586%208%20.293%201.707a1%201%200%200%201%200-1.414z%27%2F%253e%253c%2Fsvg%253e HTTP/1.1" 200 2118
INFO 2025-10-01 21:40:37,512 basehttp 1984 5992 "GET /prescription/htmx/prescription-search/?q=GET%20http%3A%2F%2F127.0.0.1%3A8000%2Ffavicon.ico%20%5BHTTP%2F1.1%20404%20Not%20Found%200ms%5D%20%20XHRGET%20http%3A%2F%2F127.0.0.1%3A8000%2Fprescription%2Fhtmx%2Fpatient-search%2F%3Fq%3DAmanda%20Wilson%20%5BHTTP%2F1.1%20500%20Internal%20Server%20Error%2011ms%5D%20%20Response%20Status%20Error%20Code%20500%20from%20%2Fprescription%2Fhtmx%2Fpatient-search%2F%20htmx.org%401.9.10%3A1%3A26530%20HTMX%20Response%20Error%3A%20%20Object%20%7B%20error%3A%20%22Response%20Status%20Error%20Code%20500%20from%20%2Fprescription%2Fhtmx%2Fpatient-search%2F%22%2C%20xhr%3A%20XMLHttpRequest%2C%20target%3A%20div%23patient-results%2C%20requestConfig%3A%20%7B%E2%80%A6%7D%2C%20etc%3A%20%7B%7D%2C%20boosted%3A%20undefined%2C%20select%3A%20null%2C%20pathInfo%3A%20%7B%E2%80%A6%7D%2C%20elt%3A%20input%23patient-search-input.form-control.loading%2C%20failed%3A%20true%2C%20%E2%80%A6%20%7D%20htmx-config.js%3A17%3A17%20HTMX%20Error%3A%20%20Object%20%7B%20error%3A%20%22Response%20Status%20Error%20Code%20500%20from%20%2Fprescription%2Fhtmx%2Fpatient-search%2F%22%2C%20xhr%3A%20XMLHttpRequest%2C%20target%3A%20div%23patient-results%2C%20requestConfig%3A%20%7B%E2%80%A6%7D%2C%20etc%3A%20%7B%7D%2C%20boosted%3A%20undefined%2C%20select%3A%20null%2C%20pathInfo%3A%20%7B%E2%80%A6%7D%2C%20elt%3A%20input%23patient-search-input.form-control.loading%2C%20failed%3A%20true%2C%20%E2%80%A6%20%7D%20main.js%3A27%3A17%20HTMX%20afterRequest%20event%3A%20%20Object%20%7B%20xhr%3A%20XMLHttpRequest%2C%20target%3A%20div%23patient-results%2C%20requestConfig%3A%20%7B%E2%80%A6%7D%2C%20etc%3A%20%7B%7D%2C%20boosted%3A%20undefined%2C%20select%3A%20null%2C%20pathInfo%3A%20%7B%E2%80%A6%7D%2C%20elt%3A%20input%23patient-search-input.form-control.loading%2C%20failed%3A%20true%2C%20successful%3A%20false%20%7D%20dashboard%3A562%3A17%20HTMX%20afterOnLoad%20event%3A%20%20Object%20%7B%20xhr%3A%20XMLHttpRequest%2C%20target%3A%20div%23patient-results%2C%20requestConfig%3A%20%7B%E2%80%A6%7D%2C%20etc%3A%20%7B%7D%2C%20boosted%3A%20undefined%2C%20select%3A%20null%2C%20pathInfo%3A%20%7B%E2%80%A6%7D%2C%20elt%3A%20input%23patient-search-input.form-control%2C%20failed%3A%20true%2C%20successful%3A%20false%20%7D%20dashboard%3A570%3A17%20GET%20data%3Aimage%2Fsvg%2Bxml%2C%253csvg%20xmlns%3D%27http%3A%2F%2Fwww.w3.org%2F2000%2Fsvg%27%20viewBox%3D%270%200%2016%2016%27%20fill%3D%27%2523000%27%253e%253cpath%20d%3D%27M.293.293a1%201%200%200%201%201.414%200L8%206.586%2014.293.293a1%201%200%201%201%201.414%201.414L9.414%208l6.293%206.29 HTTP/1.1" 200 1994
INFO 2025-10-01 21:40:38,979 basehttp 1984 5992 "GET /prescription/htmx/prescription-search/?q= HTTP/1.1" 200 3413
INFO 2025-10-01 21:40:42,989 basehttp 1984 5992 "GET /api/health/ HTTP/1.1" 200 89
INFO 2025-10-01 21:40:43,647 basehttp 1984 8028 "GET /api/health/ HTTP/1.1" 200 89
INFO 2025-10-01 21:40:44,259 basehttp 1984 5992 "GET /prescription/htmx/prescription-search/?q=Amanda%20Wilson HTTP/1.1" 200 1356
INFO 2025-10-01 21:40:51,483 basehttp 1984 5992 "GET /api/health/ HTTP/1.1" 200 89
INFO 2025-10-01 21:41:13,762 basehttp 1984 5992 "GET /api/health/ HTTP/1.1" 200 89
INFO 2025-10-01 21:41:14,554 basehttp 1984 8028 "GET /api/health/ HTTP/1.1" 200 89
INFO 2025-10-01 21:41:18,606 autoreload 1984 24280 F:\analytical\analytical\prescription\views.py changed, reloading.
INFO 2025-10-01 21:41:25,647 autoreload 16680 23760 Watching for file changes with StatReloader
INFO 2025-10-01 21:41:45,612 basehttp 16680 5576 "GET /api/health/ HTTP/1.1" 200 89
INFO 2025-10-01 21:41:45,628 basehttp 16680 2296 "GET /api/health/ HTTP/1.1" 200 89
INFO 2025-10-01 21:41:52,431 basehttp 16680 5576 "GET /api/health/ HTTP/1.1" 200 89
INFO 2025-10-01 21:41:53,031 autoreload 16680 23760 F:\analytical\analytical\prescription\views.py changed, reloading.
INFO 2025-10-01 21:41:57,046 autoreload 9552 8820 Watching for file changes with StatReloader
INFO 2025-10-01 21:42:22,631 basehttp 9552 11996 "GET /api/health/ HTTP/1.1" 200 89
INFO 2025-10-01 21:42:45,516 basehttp 9552 11996 "GET /api/health/ HTTP/1.1" 200 89
INFO 2025-10-01 21:42:52,449 basehttp 9552 11996 "GET /api/health/ HTTP/1.1" 200 89
INFO 2025-10-01 21:43:08,489 autoreload 9552 8820 F:\analytical\analytical\prescription\views.py changed, reloading.
INFO 2025-10-01 21:43:11,342 autoreload 16420 13964 Watching for file changes with StatReloader
INFO 2025-10-01 21:43:25,425 basehttp 16420 1892 "GET /api/health/ HTTP/1.1" 200 89
INFO 2025-10-01 21:43:46,512 basehttp 16420 1892 "GET /api/health/ HTTP/1.1" 200 89
INFO 2025-10-01 21:43:52,468 basehttp 16420 1892 "GET /api/health/ HTTP/1.1" 200 89
INFO 2025-10-01 21:44:17,108 basehttp 16420 1892 "GET /api/health/ HTTP/1.1" 200 89
INFO 2025-10-01 21:44:22,476 basehttp 16420 1892 "GET /api/health/ HTTP/1.1" 200 89
INFO 2025-10-01 21:44:47,641 basehttp 16420 1892 "GET /api/health/ HTTP/1.1" 200 89
INFO 2025-10-01 21:44:52,486 basehttp 16420 1892 "GET /api/health/ HTTP/1.1" 200 89
INFO 2025-10-01 21:44:57,880 basehttp 16420 1892 "GET /prescription/dashboard/ HTTP/1.1" 200 41982
INFO 2025-10-01 21:44:58,054 basehttp 16420 1892 "GET /static/prescription/css/prescription.css HTTP/1.1" 200 8274
INFO 2025-10-01 21:45:11,541 basehttp 16420 1892 "GET /prescription/htmx/prescription-search/?q= HTTP/1.1" 200 3413
INFO 2025-10-01 21:45:17,718 basehttp 16420 1892 "GET /prescription/htmx/prescription-search/?q=Amanda%20Wilson HTTP/1.1" 200 1356
INFO 2025-10-01 21:45:18,183 basehttp 16420 1892 "GET /api/health/ HTTP/1.1" 200 89
INFO 2025-10-01 21:45:28,478 basehttp 16420 1892 "GET /api/health/ HTTP/1.1" 200 89
INFO 2025-10-01 21:45:48,604 basehttp 16420 1892 "GET /api/health/ HTTP/1.1" 200 89
INFO 2025-10-01 21:45:58,489 basehttp 16420 1892 "GET /api/health/ HTTP/1.1" 200 89
INFO 2025-10-01 21:46:18,957 basehttp 16420 1892 "GET /api/health/ HTTP/1.1" 200 89
INFO 2025-10-01 21:46:21,058 basehttp 16420 1892 "GET /prescription/patients/ HTTP/1.1" 200 38075
INFO 2025-10-01 21:46:29,386 basehttp 16420 1892 "GET /api/health/ HTTP/1.1" 200 89
INFO 2025-10-01 21:46:35,878 basehttp 16420 1892 "GET /prescription/htmx/prescription-search/?q=%20%09%2B1234567894 HTTP/1.1" 200 271
INFO 2025-10-01 21:46:39,868 basehttp 16420 1892 "GET /prescription/htmx/prescription-search/?q=%2B1234567894 HTTP/1.1" 200 269
INFO 2025-10-01 21:46:49,865 basehttp 16420 1892 "GET /api/health/ HTTP/1.1" 200 89
INFO 2025-10-01 21:46:51,732 basehttp 16420 1892 "GET /api/health/ HTTP/1.1" 200 89
INFO 2025-10-01 21:46:54,228 basehttp 16420 1892 "GET /prescription/htmx/prescription-search/?q=P003 HTTP/1.1" 200 1348
INFO 2025-10-01 21:46:59,429 basehttp 16420 1892 "GET /api/health/ HTTP/1.1" 200 89
INFO 2025-10-01 21:47:20,287 basehttp 16420 1892 "GET /api/health/ HTTP/1.1" 200 89
INFO 2025-10-01 21:47:22,205 basehttp 16420 1892 "GET /api/health/ HTTP/1.1" 200 89
INFO 2025-10-01 21:47:29,393 basehttp 16420 1892 "GET /api/health/ HTTP/1.1" 200 89
INFO 2025-10-01 21:47:39,570 autoreload 16420 13964 F:\analytical\analytical\prescription\views.py changed, reloading.
INFO 2025-10-01 21:47:42,150 autoreload 8652 18644 Watching for file changes with StatReloader
INFO 2025-10-01 21:47:54,831 basehttp 8652 16536 "GET /api/health/ HTTP/1.1" 200 89
INFO 2025-10-01 21:47:54,835 basehttp 8652 16536 "GET /api/health/ HTTP/1.1" 200 89
INFO 2025-10-01 21:47:59,394 basehttp 8652 16536 "GET /api/health/ HTTP/1.1" 200 89
INFO 2025-10-01 21:48:20,585 basehttp 8652 16536 "GET /api/health/ HTTP/1.1" 200 89
INFO 2025-10-01 21:48:22,947 basehttp 8652 16536 "GET /api/health/ HTTP/1.1" 200 89
INFO 2025-10-01 21:48:29,411 basehttp 8652 16536 "GET /api/health/ HTTP/1.1" 200 89
INFO 2025-10-01 21:48:34,432 basehttp 8652 16536 "GET /prescription/dashboard/ HTTP/1.1" 200 45834
INFO 2025-10-01 21:48:34,614 basehttp 8652 16536 "GET /static/prescription/css/prescription.css HTTP/1.1" 200 8705
INFO 2025-10-01 21:48:50,697 basehttp 8652 16536 "GET /api/health/ HTTP/1.1" 200 89
INFO 2025-10-01 21:48:52,943 basehttp 8652 16536 "GET /prescription/dashboard/ HTTP/1.1" 200 45834
INFO 2025-10-01 21:48:53,051 basehttp 8652 16536 "GET /static/prescription/css/prescription.css HTTP/1.1" 304 0
INFO 2025-10-01 21:48:53,785 basehttp 8652 16536 "GET /api/health/ HTTP/1.1" 200 89
INFO 2025-10-01 21:48:56,523 basehttp 8652 16536 "GET /prescription/htmx/prescription-form-patient-search/?q= HTTP/1.1" 200 4418
INFO 2025-10-01 21:49:20,771 basehttp 8652 16536 "GET /api/health/ HTTP/1.1" 200 89
INFO 2025-10-01 21:49:23,202 basehttp 8652 16536 "GET /api/health/ HTTP/1.1" 200 89
INFO 2025-10-01 21:49:23,811 basehttp 8652 16536 "GET /api/health/ HTTP/1.1" 200 89
INFO 2025-10-01 21:49:29,828 basehttp 8652 16536 "GET /prescription/dashboard/ HTTP/1.1" 200 45834
INFO 2025-10-01 21:49:29,940 basehttp 8652 16536 "GET /static/prescription/css/prescription.css HTTP/1.1" 304 0
INFO 2025-10-01 21:49:29,949 basehttp 8652 16536 "GET /static/prescription/js/prescription.js HTTP/1.1" 304 0
INFO 2025-10-01 21:49:50,798 basehttp 8652 16536 "GET /api/health/ HTTP/1.1" 200 89
INFO 2025-10-01 21:49:54,583 basehttp 8652 16536 "GET /api/health/ HTTP/1.1" 200 89
INFO 2025-10-01 21:50:00,135 basehttp 8652 16536 "GET /api/health/ HTTP/1.1" 200 89
INFO 2025-10-01 21:50:20,835 basehttp 8652 16536 "GET /api/health/ HTTP/1.1" 200 89
INFO 2025-10-01 21:50:24,948 basehttp 8652 16536 "GET /api/health/ HTTP/1.1" 200 89
INFO 2025-10-01 21:50:30,140 basehttp 8652 16536 "GET /api/health/ HTTP/1.1" 200 89
INFO 2025-10-01 21:50:51,634 basehttp 8652 16536 "GET /api/health/ HTTP/1.1" 200 89
INFO 2025-10-01 21:50:55,230 basehttp 8652 16536 "GET /api/health/ HTTP/1.1" 200 89
INFO 2025-10-01 21:51:00,149 basehttp 8652 16536 "GET /api/health/ HTTP/1.1" 200 89
INFO 2025-10-01 21:51:22,385 basehttp 8652 16536 "GET /api/health/ HTTP/1.1" 200 89
INFO 2025-10-01 21:51:25,518 basehttp 8652 16536 "GET /api/health/ HTTP/1.1" 200 89
INFO 2025-10-01 21:51:30,149 basehttp 8652 16536 "GET /api/health/ HTTP/1.1" 200 89
INFO 2025-10-01 21:51:53,145 basehttp 8652 16536 "GET /api/health/ HTTP/1.1" 200 89
INFO 2025-10-01 21:51:55,798 basehttp 8652 16536 "GET /api/health/ HTTP/1.1" 200 89
INFO 2025-10-01 21:52:00,162 basehttp 8652 16536 "GET /api/health/ HTTP/1.1" 200 89
INFO 2025-10-01 21:52:23,778 basehttp 8652 16536 "GET /api/health/ HTTP/1.1" 200 89
INFO 2025-10-01 21:52:26,279 basehttp 8652 16536 "GET /api/health/ HTTP/1.1" 200 89
INFO 2025-10-01 21:52:30,165 basehttp 8652 16536 "GET /api/health/ HTTP/1.1" 200 89
INFO 2025-10-01 21:52:54,285 basehttp 8652 16536 "GET /api/health/ HTTP/1.1" 200 89
INFO 2025-10-01 21:52:56,524 basehttp 8652 16536 "GET /api/health/ HTTP/1.1" 200 89
INFO 2025-10-01 21:53:00,165 basehttp 8652 16536 "GET /api/health/ HTTP/1.1" 200 89
INFO 2025-10-01 21:53:24,766 basehttp 8652 16536 "GET /api/health/ HTTP/1.1" 200 89
INFO 2025-10-01 21:53:26,742 basehttp 8652 16536 "GET /api/health/ HTTP/1.1" 200 89
INFO 2025-10-01 21:53:30,170 basehttp 8652 16536 "GET /api/health/ HTTP/1.1" 200 89
INFO 2025-10-01 21:53:55,362 basehttp 8652 16536 "GET /api/health/ HTTP/1.1" 200 89
INFO 2025-10-01 21:53:57,134 basehttp 8652 16536 "GET /api/health/ HTTP/1.1" 200 89
INFO 2025-10-01 21:54:00,167 basehttp 8652 16536 "GET /api/health/ HTTP/1.1" 200 89
INFO 2025-10-01 21:54:26,036 basehttp 8652 16536 "GET /api/health/ HTTP/1.1" 200 89
INFO 2025-10-01 21:54:27,921 basehttp 8652 16536 "GET /api/health/ HTTP/1.1" 200 89
INFO 2025-10-01 21:54:30,172 basehttp 8652 16536 "GET /api/health/ HTTP/1.1" 200 89
INFO 2025-10-01 21:54:56,619 basehttp 8652 16536 "GET /api/health/ HTTP/1.1" 200 89
INFO 2025-10-01 21:54:58,458 basehttp 8652 16536 "GET /api/health/ HTTP/1.1" 200 89
INFO 2025-10-01 21:55:00,177 basehttp 8652 16536 "GET /api/health/ HTTP/1.1" 200 89
INFO 2025-10-01 21:55:11,922 basehttp 8652 16536 "GET /prescription/dashboard/ HTTP/1.1" 200 48407
INFO 2025-10-01 21:55:12,136 basehttp 8652 16536 "GET /static/prescription/css/prescription.css HTTP/1.1" 200 9577
INFO 2025-10-01 21:55:26,866 basehttp 8652 16536 "GET /api/health/ HTTP/1.1" 200 89
INFO 2025-10-01 21:55:28,853 basehttp 8652 16536 "GET /api/health/ HTTP/1.1" 200 89
INFO 2025-10-01 21:55:42,384 basehttp 8652 16536 "GET /api/health/ HTTP/1.1" 200 89
INFO 2025-10-01 21:55:56,883 basehttp 8652 16536 "GET /api/health/ HTTP/1.1" 200 89
INFO 2025-10-01 21:55:59,092 basehttp 8652 16536 "GET /api/health/ HTTP/1.1" 200 89
INFO 2025-10-01 21:56:07,249 basehttp 8652 16536 "POST /prescription/htmx/prescription-form/ HTTP/1.1" 200 8187
INFO 2025-10-01 21:56:12,510 basehttp 8652 16536 "GET /api/health/ HTTP/1.1" 200 89
INFO 2025-10-01 21:56:27,012 basehttp 8652 16536 "GET /api/health/ HTTP/1.1" 200 89
INFO 2025-10-01 21:56:29,273 basehttp 8652 16536 "GET /api/health/ HTTP/1.1" 200 89
INFO 2025-10-01 21:56:34,280 basehttp 8652 16536 "GET /prescription/dashboard/ HTTP/1.1" 200 48407
INFO 2025-10-01 21:56:34,490 basehttp 8652 16536 "GET /static/prescription/css/prescription.css HTTP/1.1" 304 0
INFO 2025-10-01 21:56:39,842 basehttp 8652 16536 "POST /prescription/htmx/prescription-form/ HTTP/1.1" 200 8187
ERROR 2025-10-01 21:56:54,528 log 8652 16536 Internal Server Error: /prescription/htmx/patient-search/
ERROR 2025-10-01 21:56:54,528 basehttp 8652 16536 "GET /prescription/htmx/patient-search/?q= HTTP/1.1" 500 102
INFO 2025-10-01 21:56:57,858 basehttp 8652 16536 "GET /api/health/ HTTP/1.1" 200 89
INFO 2025-10-01 21:56:59,750 basehttp 8652 16536 "GET /api/health/ HTTP/1.1" 200 89
INFO 2025-10-01 21:57:05,021 basehttp 8652 16536 "GET /api/health/ HTTP/1.1" 200 89
INFO 2025-10-01 21:57:28,563 basehttp 8652 16536 "GET /api/health/ HTTP/1.1" 200 89
INFO 2025-10-01 21:57:29,966 basehttp 8652 16536 "GET /api/health/ HTTP/1.1" 200 89
INFO 2025-10-01 21:57:35,028 basehttp 8652 16536 "GET /api/health/ HTTP/1.1" 200 89
INFO 2025-10-01 21:57:59,174 basehttp 8652 16536 "GET /api/health/ HTTP/1.1" 200 89
INFO 2025-10-01 21:58:00,218 basehttp 8652 16536 "GET /api/health/ HTTP/1.1" 200 89
INFO 2025-10-01 21:58:05,033 basehttp 8652 16536 "GET /api/health/ HTTP/1.1" 200 89
INFO 2025-10-01 21:58:29,558 basehttp 8652 16536 "GET /api/health/ HTTP/1.1" 200 89
INFO 2025-10-01 21:58:30,773 basehttp 8652 16536 "GET /api/health/ HTTP/1.1" 200 89
INFO 2025-10-01 21:58:35,042 basehttp 8652 16536 "GET /api/health/ HTTP/1.1" 200 89
INFO 2025-10-01 21:58:59,932 basehttp 8652 16536 "GET /api/health/ HTTP/1.1" 200 89
INFO 2025-10-01 21:59:01,238 basehttp 8652 16536 "GET /api/health/ HTTP/1.1" 200 89
INFO 2025-10-01 21:59:05,048 basehttp 8652 16536 "GET /api/health/ HTTP/1.1" 200 89
INFO 2025-10-01 21:59:30,772 basehttp 8652 16536 "GET /api/health/ HTTP/1.1" 200 89
INFO 2025-10-01 21:59:31,507 basehttp 8652 16536 "GET /api/health/ HTTP/1.1" 200 89
INFO 2025-10-01 21:59:35,053 basehttp 8652 16536 "GET /api/health/ HTTP/1.1" 200 89
INFO 2025-10-01 21:59:47,495 autoreload 8652 18644 F:\analytical\analytical\prescription\views.py changed, reloading.
INFO 2025-10-01 21:59:51,944 autoreload 23276 12876 Watching for file changes with StatReloader
INFO 2025-10-01 22:00:11,040 basehttp 23276 21668 "GET /api/health/ HTTP/1.1" 200 89
INFO 2025-10-01 22:00:31,929 basehttp 23276 21668 "GET /api/health/ HTTP/1.1" 200 89
INFO 2025-10-01 22:00:32,486 basehttp 23276 21668 "GET /api/health/ HTTP/1.1" 200 89
INFO 2025-10-01 22:00:35,096 basehttp 23276 21668 "GET /api/health/ HTTP/1.1" 200 89
INFO 2025-10-01 22:00:35,201 autoreload 23276 12876 F:\analytical\analytical\prescription\views.py changed, reloading.
INFO 2025-10-01 22:00:39,173 autoreload 16192 22720 Watching for file changes with StatReloader
INFO 2025-10-01 22:01:02,774 basehttp 16192 21368 "GET /api/health/ HTTP/1.1" 200 89
INFO 2025-10-01 22:01:03,402 basehttp 16192 21368 "GET /api/health/ HTTP/1.1" 200 89
INFO 2025-10-01 22:01:05,065 basehttp 16192 21368 "GET /api/health/ HTTP/1.1" 200 89
INFO 2025-10-01 22:01:33,279 basehttp 16192 21368 "GET /api/health/ HTTP/1.1" 200 89
INFO 2025-10-01 22:01:33,796 basehttp 16192 21368 "GET /api/health/ HTTP/1.1" 200 89
INFO 2025-10-01 22:01:35,166 basehttp 16192 21368 "GET /api/health/ HTTP/1.1" 200 89
INFO 2025-10-01 22:01:44,984 autoreload 16192 22720 F:\analytical\analytical\prescription\urls.py changed, reloading.
INFO 2025-10-01 22:01:47,304 autoreload 18276 24548 Watching for file changes with StatReloader
INFO 2025-10-01 22:02:04,041 basehttp 18276 23464 "GET /api/health/ HTTP/1.1" 200 89
INFO 2025-10-01 22:02:04,058 basehttp 18276 23464 "GET /api/health/ HTTP/1.1" 200 89
INFO 2025-10-01 22:02:04,549 basehttp 18276 23464 "GET /prescription/dashboard/ HTTP/1.1" 200 53582
INFO 2025-10-01 22:02:04,739 basehttp 18276 23464 "GET /static/prescription/css/prescription.css HTTP/1.1" 304 0
INFO 2025-10-01 22:02:04,744 basehttp 18276 23464 "GET /static/prescription/js/prescription.js HTTP/1.1" 304 0
INFO 2025-10-01 22:02:09,062 basehttp 18276 23464 "POST /prescription/htmx/prescription-form/ HTTP/1.1" 200 8187
ERROR 2025-10-01 22:02:16,531 log 18276 23464 Internal Server Error: /prescription/prescriptions/
ERROR 2025-10-01 22:02:16,532 basehttp 18276 23464 "GET /prescription/prescriptions/ HTTP/1.1" 500 102
WARNING 2025-10-01 22:02:16,706 log 18276 10184 Not Found: /favicon.ico
WARNING 2025-10-01 22:02:16,707 basehttp 18276 10184 "GET /favicon.ico HTTP/1.1" 404 9688
INFO 2025-10-01 22:02:20,562 basehttp 18276 23464 "GET /prescription/patients/add/ HTTP/1.1" 200 37659
INFO 2025-10-01 22:02:23,360 basehttp 18276 23464 "GET /prescription/patients/ HTTP/1.1" 200 38075
INFO 2025-10-01 22:02:26,843 basehttp 18276 23464 "GET /prescription/patients/P005/ HTTP/1.1" 200 35179
INFO 2025-10-01 22:02:34,170 basehttp 18276 23464 "GET /api/health/ HTTP/1.1" 200 89
INFO 2025-10-01 22:02:34,239 basehttp 18276 23464 "GET /api/health/ HTTP/1.1" 200 89
INFO 2025-10-01 22:02:53,990 basehttp 18276 23464 "GET /api/health/ HTTP/1.1" 200 89
INFO 2025-10-01 22:03:04,276 basehttp 18276 23464 "GET /api/health/ HTTP/1.1" 200 89
INFO 2025-10-01 22:03:04,662 basehttp 18276 23464 "GET /api/health/ HTTP/1.1" 200 89
INFO 2025-10-01 22:03:24,002 basehttp 18276 23464 "GET /api/health/ HTTP/1.1" 200 89
INFO 2025-10-01 22:03:34,908 basehttp 18276 23464 "GET /api/health/ HTTP/1.1" 200 89
INFO 2025-10-01 22:03:35,330 basehttp 18276 23464 "GET /api/health/ HTTP/1.1" 200 89
INFO 2025-10-01 22:03:54,014 basehttp 18276 23464 "GET /api/health/ HTTP/1.1" 200 89
INFO 2025-10-01 22:04:05,126 basehttp 18276 23464 "GET /api/health/ HTTP/1.1" 200 89
INFO 2025-10-01 22:04:06,001 basehttp 18276 23464 "GET /api/health/ HTTP/1.1" 200 89
INFO 2025-10-01 22:04:24,017 basehttp 18276 23464 "GET /api/health/ HTTP/1.1" 200 89
INFO 2025-10-01 22:04:35,369 basehttp 18276 23464 "GET /api/health/ HTTP/1.1" 200 89
INFO 2025-10-01 22:04:36,280 basehttp 18276 23464 "GET /api/health/ HTTP/1.1" 200 89
INFO 2025-10-01 22:04:54,031 basehttp 18276 23464 "GET /api/health/ HTTP/1.1" 200 89
INFO 2025-10-01 22:05:05,694 basehttp 18276 23464 "GET /api/health/ HTTP/1.1" 200 89
INFO 2025-10-01 22:05:07,069 basehttp 18276 23464 "GET /api/health/ HTTP/1.1" 200 89
INFO 2025-10-01 22:05:24,039 basehttp 18276 23464 "GET /api/health/ HTTP/1.1" 200 89
INFO 2025-10-01 22:05:36,132 basehttp 18276 23464 "GET /api/health/ HTTP/1.1" 200 89
INFO 2025-10-01 22:05:37,702 basehttp 18276 23464 "GET /api/health/ HTTP/1.1" 200 89
INFO 2025-10-01 22:05:54,044 basehttp 18276 23464 "GET /api/health/ HTTP/1.1" 200 89
INFO 2025-10-01 22:06:06,481 basehttp 18276 23464 "GET /api/health/ HTTP/1.1" 200 89
INFO 2025-10-01 22:06:08,404 basehttp 18276 23464 "GET /api/health/ HTTP/1.1" 200 89
INFO 2025-10-01 22:06:24,053 basehttp 18276 23464 "GET /api/health/ HTTP/1.1" 200 89
INFO 2025-10-01 22:06:36,844 basehttp 18276 23464 "GET /api/health/ HTTP/1.1" 200 89
INFO 2025-10-01 22:06:38,860 basehttp 18276 23464 "GET /api/health/ HTTP/1.1" 200 89
INFO 2025-10-01 22:06:54,063 basehttp 18276 23464 "GET /api/health/ HTTP/1.1" 200 89
INFO 2025-10-01 22:07:06,912 basehttp 18276 23464 "GET /api/health/ HTTP/1.1" 200 89
INFO 2025-10-01 22:07:09,218 basehttp 18276 23464 "GET /api/health/ HTTP/1.1" 200 89
INFO 2025-10-01 22:07:24,060 basehttp 18276 23464 "GET /api/health/ HTTP/1.1" 200 89
INFO 2025-10-01 22:07:37,254 basehttp 18276 23464 "GET /api/health/ HTTP/1.1" 200 89
INFO 2025-10-01 22:07:39,856 basehttp 18276 23464 "GET /api/health/ HTTP/1.1" 200 89
INFO 2025-10-01 22:07:54,075 basehttp 18276 23464 "GET /api/health/ HTTP/1.1" 200 89
INFO 2025-10-01 22:08:07,585 basehttp 18276 23464 "GET /api/health/ HTTP/1.1" 200 89
INFO 2025-10-01 22:08:10,228 basehttp 18276 23464 "GET /api/health/ HTTP/1.1" 200 89
INFO 2025-10-01 22:08:24,088 basehttp 18276 23464 "GET /api/health/ HTTP/1.1" 200 89
INFO 2025-10-01 22:08:37,962 basehttp 18276 23464 "GET /api/health/ HTTP/1.1" 200 89
INFO 2025-10-01 22:08:40,957 basehttp 18276 23464 "GET /api/health/ HTTP/1.1" 200 89
INFO 2025-10-01 22:08:54,089 basehttp 18276 23464 "GET /api/health/ HTTP/1.1" 200 89
INFO 2025-10-01 22:09:08,228 basehttp 18276 23464 "GET /api/health/ HTTP/1.1" 200 89
INFO 2025-10-01 22:09:11,089 basehttp 18276 23464 "GET /api/health/ HTTP/1.1" 200 89
INFO 2025-10-01 22:09:24,094 basehttp 18276 23464 "GET /api/health/ HTTP/1.1" 200 89
INFO 2025-10-01 22:09:38,426 basehttp 18276 23464 "GET /api/health/ HTTP/1.1" 200 89
INFO 2025-10-01 22:09:42,047 basehttp 18276 23464 "GET /api/health/ HTTP/1.1" 200 89
INFO 2025-10-01 22:09:54,101 basehttp 18276 23464 "GET /api/health/ HTTP/1.1" 200 89
INFO 2025-10-01 22:10:08,675 basehttp 18276 23464 "GET /api/health/ HTTP/1.1" 200 89
INFO 2025-10-01 22:10:12,563 basehttp 18276 23464 "GET /api/health/ HTTP/1.1" 200 89
INFO 2025-10-01 22:10:24,102 basehttp 18276 23464 "GET /api/health/ HTTP/1.1" 200 89
INFO 2025-10-01 22:10:38,890 basehttp 18276 23464 "GET /api/health/ HTTP/1.1" 200 89
INFO 2025-10-01 22:10:42,914 basehttp 18276 23464 "GET /api/health/ HTTP/1.1" 200 89
INFO 2025-10-01 22:10:54,106 basehttp 18276 23464 "GET /api/health/ HTTP/1.1" 200 89
INFO 2025-10-01 22:11:09,281 basehttp 18276 23464 "GET /api/health/ HTTP/1.1" 200 89
INFO 2025-10-01 22:11:13,069 basehttp 18276 23464 "GET /api/health/ HTTP/1.1" 200 89
INFO 2025-10-01 22:11:24,116 basehttp 18276 23464 "GET /api/health/ HTTP/1.1" 200 89
INFO 2025-10-01 22:11:39,493 basehttp 18276 23464 "GET /api/health/ HTTP/1.1" 200 89
INFO 2025-10-01 22:11:43,547 basehttp 18276 23464 "GET /api/health/ HTTP/1.1" 200 89
INFO 2025-10-01 22:11:54,118 basehttp 18276 23464 "GET /api/health/ HTTP/1.1" 200 89
INFO 2025-10-01 22:12:09,985 basehttp 18276 23464 "GET /api/health/ HTTP/1.1" 200 89
INFO 2025-10-01 22:12:14,173 basehttp 18276 23464 "GET /api/health/ HTTP/1.1" 200 89
INFO 2025-10-01 22:12:24,133 basehttp 18276 23464 "GET /api/health/ HTTP/1.1" 200 89
INFO 2025-10-01 22:12:40,116 basehttp 18276 23464 "GET /api/health/ HTTP/1.1" 200 89
INFO 2025-10-01 22:12:44,552 basehttp 18276 23464 "GET /api/health/ HTTP/1.1" 200 89
INFO 2025-10-01 22:12:54,138 basehttp 18276 23464 "GET /api/health/ HTTP/1.1" 200 89
INFO 2025-10-01 22:13:10,317 basehttp 18276 23464 "GET /api/health/ HTTP/1.1" 200 89
INFO 2025-10-01 22:13:14,690 basehttp 18276 23464 "GET /api/health/ HTTP/1.1" 200 89
INFO 2025-10-01 22:13:24,141 basehttp 18276 23464 "GET /api/health/ HTTP/1.1" 200 89
INFO 2025-10-01 22:13:40,789 basehttp 18276 23464 "GET /api/health/ HTTP/1.1" 200 89
INFO 2025-10-01 22:13:44,730 basehttp 18276 23464 "GET /api/health/ HTTP/1.1" 200 89
INFO 2025-10-01 22:13:54,147 basehttp 18276 23464 "GET /api/health/ HTTP/1.1" 200 89
INFO 2025-10-01 22:14:11,093 basehttp 18276 23464 "GET /api/health/ HTTP/1.1" 200 89
INFO 2025-10-01 22:14:15,203 basehttp 18276 23464 "GET /api/health/ HTTP/1.1" 200 89
INFO 2025-10-01 22:14:24,163 basehttp 18276 23464 "GET /api/health/ HTTP/1.1" 200 89
INFO 2025-10-01 22:14:41,305 basehttp 18276 23464 "GET /api/health/ HTTP/1.1" 200 89
INFO 2025-10-01 22:14:45,844 basehttp 18276 23464 "GET /api/health/ HTTP/1.1" 200 89
INFO 2025-10-01 22:14:54,169 basehttp 18276 23464 "GET /api/health/ HTTP/1.1" 200 89
INFO 2025-10-01 22:15:11,843 basehttp 18276 23464 "GET /api/health/ HTTP/1.1" 200 89
INFO 2025-10-01 22:15:16,772 basehttp 18276 23464 "GET /api/health/ HTTP/1.1" 200 89
INFO 2025-10-01 22:15:24,179 basehttp 18276 23464 "GET /api/health/ HTTP/1.1" 200 89
INFO 2025-10-01 22:15:42,494 basehttp 18276 23464 "GET /api/health/ HTTP/1.1" 200 89
INFO 2025-10-01 22:15:46,805 basehttp 18276 23464 "GET /api/health/ HTTP/1.1" 200 89
INFO 2025-10-01 22:15:54,180 basehttp 18276 23464 "GET /api/health/ HTTP/1.1" 200 89
INFO 2025-10-01 22:16:12,582 basehttp 18276 23464 "GET /api/health/ HTTP/1.1" 200 89
INFO 2025-10-01 22:16:17,529 basehttp 18276 23464 "GET /api/health/ HTTP/1.1" 200 89
INFO 2025-10-01 22:16:24,201 basehttp 18276 23464 "GET /api/health/ HTTP/1.1" 200 89
INFO 2025-10-01 22:16:43,081 basehttp 18276 23464 "GET /api/health/ HTTP/1.1" 200 89
INFO 2025-10-01 22:16:48,351 basehttp 18276 23464 "GET /api/health/ HTTP/1.1" 200 89
INFO 2025-10-01 22:16:54,197 basehttp 18276 23464 "GET /api/health/ HTTP/1.1" 200 89
INFO 2025-10-01 22:17:13,564 basehttp 18276 23464 "GET /api/health/ HTTP/1.1" 200 89
INFO 2025-10-01 22:17:19,017 basehttp 18276 23464 "GET /api/health/ HTTP/1.1" 200 89
INFO 2025-10-01 22:17:24,207 basehttp 18276 23464 "GET /api/health/ HTTP/1.1" 200 89
INFO 2025-10-01 22:17:43,843 basehttp 18276 23464 "GET /api/health/ HTTP/1.1" 200 89
INFO 2025-10-01 22:17:49,552 basehttp 18276 23464 "GET /api/health/ HTTP/1.1" 200 89
INFO 2025-10-01 22:17:54,210 basehttp 18276 23464 "GET /api/health/ HTTP/1.1" 200 89
INFO 2025-10-01 22:18:14,530 basehttp 18276 23464 "GET /api/health/ HTTP/1.1" 200 89
INFO 2025-10-01 22:18:19,696 basehttp 18276 23464 "GET /api/health/ HTTP/1.1" 200 89
INFO 2025-10-01 22:18:24,217 basehttp 18276 23464 "GET /api/health/ HTTP/1.1" 200 89
INFO 2025-10-01 22:18:44,926 basehttp 18276 23464 "GET /api/health/ HTTP/1.1" 200 89
INFO 2025-10-01 22:18:50,270 basehttp 18276 23464 "GET /api/health/ HTTP/1.1" 200 89
INFO 2025-10-01 22:18:54,225 basehttp 18276 23464 "GET /api/health/ HTTP/1.1" 200 89
INFO 2025-10-01 22:19:15,144 basehttp 18276 23464 "GET /api/health/ HTTP/1.1" 200 89
INFO 2025-10-01 22:19:21,164 basehttp 18276 23464 "GET /api/health/ HTTP/1.1" 200 89
INFO 2025-10-01 22:19:24,237 basehttp 18276 23464 "GET /api/health/ HTTP/1.1" 200 89
INFO 2025-10-01 22:19:45,322 basehttp 18276 23464 "GET /api/health/ HTTP/1.1" 200 89
INFO 2025-10-01 22:19:52,124 basehttp 18276 23464 "GET /api/health/ HTTP/1.1" 200 89
INFO 2025-10-01 22:19:54,241 basehttp 18276 23464 "GET /api/health/ HTTP/1.1" 200 89
INFO 2025-10-01 22:20:15,563 basehttp 18276 23464 "GET /api/health/ HTTP/1.1" 200 89
INFO 2025-10-01 22:20:22,587 basehttp 18276 23464 "GET /api/health/ HTTP/1.1" 200 89
INFO 2025-10-01 22:20:24,248 basehttp 18276 23464 "GET /api/health/ HTTP/1.1" 200 89
INFO 2025-10-01 22:20:45,728 basehttp 18276 23464 "GET /api/health/ HTTP/1.1" 200 89
INFO 2025-10-01 22:20:53,059 basehttp 18276 23464 "GET /api/health/ HTTP/1.1" 200 89
INFO 2025-10-01 22:20:54,247 basehttp 18276 23464 "GET /api/health/ HTTP/1.1" 200 89
INFO 2025-10-01 22:21:03,189 basehttp 18276 23464 "GET /prescription/dashboard/ HTTP/1.1" 200 55935
INFO 2025-10-01 22:21:03,380 basehttp 18276 23464 "GET /static/prescription/css/prescription.css HTTP/1.1" 304 0
INFO 2025-10-01 22:21:03,384 basehttp 18276 23464 "GET /static/prescription/js/prescription.js HTTP/1.1" 304 0
INFO 2025-10-01 22:21:08,510 basehttp 18276 23464 "GET /prescription/htmx/prescription-form-patient-search/?q= HTTP/1.1" 200 4418
INFO 2025-10-01 22:21:16,230 basehttp 18276 23464 "GET /api/health/ HTTP/1.1" 200 89
INFO 2025-10-01 22:21:20,173 basehttp 18276 23464 "POST /prescription/htmx/prescription-form/ HTTP/1.1" 200 8187
INFO 2025-10-01 22:21:23,631 basehttp 18276 23464 "GET /api/health/ HTTP/1.1" 200 89
INFO 2025-10-01 22:21:32,595 basehttp 18276 23464 "GET /prescription/dashboard/ HTTP/1.1" 200 55935
INFO 2025-10-01 22:21:39,142 basehttp 18276 23464 "POST /prescription/htmx/prescription-form/ HTTP/1.1" 200 8187
INFO 2025-10-01 22:21:46,519 basehttp 18276 23464 "GET /api/health/ HTTP/1.1" 200 89
INFO 2025-10-01 22:21:54,147 basehttp 18276 23464 "GET /api/health/ HTTP/1.1" 200 89
ERROR 2025-10-01 22:21:57,178 log 18276 23464 Internal Server Error: /prescription/htmx/patient-search/
ERROR 2025-10-01 22:21:57,179 basehttp 18276 23464 "GET /prescription/htmx/patient-search/?q=Amanda%20Wilson HTTP/1.1" 500 102
INFO 2025-10-01 22:22:02,847 basehttp 18276 23464 "GET /api/health/ HTTP/1.1" 200 89
INFO 2025-10-01 22:22:16,913 basehttp 18276 23464 "GET /api/health/ HTTP/1.1" 200 89
INFO 2025-10-01 22:22:24,710 basehttp 18276 23464 "GET /api/health/ HTTP/1.1" 200 89
INFO 2025-10-01 22:22:32,856 basehttp 18276 23464 "GET /api/health/ HTTP/1.1" 200 89
INFO 2025-10-01 22:22:36,302 autoreload 18276 24548 F:\analytical\analytical\prescription\urls.py changed, reloading.
INFO 2025-10-01 22:22:41,168 autoreload 10124 20896 Watching for file changes with StatReloader
INFO 2025-10-02 10:28:51,094 autoreload 23328 2748 Watching for file changes with StatReloader
